2024-06-28 08:14:34.500 [info] Log level: Info
2024-06-28 08:14:34.500 [info] Validating found git in: "git"
2024-06-28 08:14:34.500 [info] Using git "2.17.1" from "git"
2024-06-28 08:14:34.500 [info] > git rev-parse --show-toplevel [9ms]
2024-06-28 08:14:34.500 [info] fatal: not a git repository (or any of the parent directories): .git
2024-06-28 08:14:34.500 [info] > git rev-parse --show-toplevel [20ms]
2024-06-28 08:14:34.500 [info] fatal: not a git repository (or any of the parent directories): .git
2024-06-28 08:14:34.500 [info] > git rev-parse --show-toplevel [16ms]
2024-06-28 08:14:34.500 [info] fatal: not a git repository (or any of the parent directories): .git
2024-06-28 08:14:34.501 [info] > git rev-parse --show-toplevel [7ms]
2024-06-28 08:14:34.501 [info] fatal: not a git repository (or any of the parent directories): .git
2024-06-28 08:14:34.503 [info] > git rev-parse --show-toplevel [4ms]
2024-06-28 08:14:34.503 [info] fatal: not a git repository (or any of the parent directories): .git
2024-06-28 08:14:34.513 [info] > git rev-parse --show-toplevel [3ms]
2024-06-28 08:14:34.513 [info] fatal: not a git repository (or any of the parent directories): .git
2024-06-28 08:14:34.524 [info] > git rev-parse --show-toplevel [3ms]
2024-06-28 08:14:34.536 [info] > git rev-parse --git-dir --git-common-dir [3ms]
2024-06-28 08:14:34.571 [info] Open repository: /home/nvidia/jetson-inference
2024-06-28 08:14:34.594 [info] > git config --get commit.template [10ms]
2024-06-28 08:14:34.661 [info] > git rev-parse --show-toplevel [69ms]
2024-06-28 08:14:34.661 [info] fatal: not a git repository (or any of the parent directories): .git
2024-06-28 08:14:34.687 [info] > git for-each-ref --format=%(refname)%00%(upstream:short)%00%(objectname)%00%(upstream:track)%00%(upstream:remotename)%00%(upstream:remoteref) refs/heads/master refs/remotes/master [6ms]
2024-06-28 08:14:34.694 [warning] ENOENT: no such file or directory, open '/home/nvidia/jetson-inference/.git/refs/remotes/origin/master'
2024-06-28 08:14:34.742 [info] > git rev-parse refs/remotes/origin/master [48ms]
2024-06-28 08:14:35.118 [info] > git check-ignore -v -z --stdin [4ms]
2024-06-28 08:14:35.231 [info] > git status -z -uall [480ms]
2024-06-28 08:14:35.274 [info] > git merge-base refs/heads/master refs/remotes/origin/master [31ms]
2024-06-28 08:14:35.285 [info] > git config --get commit.template [12ms]
2024-06-28 08:14:35.287 [info] > git rev-list --count --left-right refs/heads/master...refs/remotes/origin/master [6ms]
2024-06-28 08:14:35.307 [info] > git diff --name-status -z --diff-filter=ADMR e8361ae7f5f3651c4ff46295b193291a93d52735...refs/remotes/origin/master [9ms]
2024-06-28 08:14:35.310 [info] > git for-each-ref --format=%(refname)%00%(upstream:short)%00%(objectname)%00%(upstream:track)%00%(upstream:remotename)%00%(upstream:remoteref) refs/heads/master refs/remotes/master [6ms]
2024-06-28 08:14:35.317 [warning] ENOENT: no such file or directory, open '/home/nvidia/jetson-inference/.git/refs/remotes/origin/master'
2024-06-28 08:14:35.321 [info] > git rev-parse refs/remotes/origin/master [5ms]
2024-06-28 08:14:35.764 [info] > git rev-parse --show-toplevel [2ms]
2024-06-28 08:14:35.775 [info] > git rev-parse --git-dir --git-common-dir [2ms]
2024-06-28 08:14:35.786 [info] Open repository: /home/nvidia/jetson-inference/utils
2024-06-28 08:14:35.807 [info] > git config --get commit.template [11ms]
2024-06-28 08:14:35.809 [info] > git rev-parse --show-toplevel [6ms]
2024-06-28 08:14:35.817 [info] > git status -z -uall [490ms]
2024-06-28 08:14:35.839 [info] > git for-each-ref --format %(refname) %(objectname) %(*objectname) refs/tags [23ms]
2024-06-28 08:14:35.849 [info] > git rev-parse --git-dir --git-common-dir [16ms]
2024-06-28 08:14:35.860 [info] Open repository: /home/nvidia/jetson-inference/tools/camera-capture
2024-06-28 08:14:35.883 [info] > git rev-parse --show-toplevel [5ms]
2024-06-28 08:14:35.884 [info] > git config --get commit.template [14ms]
2024-06-28 08:14:35.905 [info] > git status -z -uall [59ms]
2024-06-28 08:14:35.905 [info] > git for-each-ref --format %(refname) %(objectname) %(*objectname) refs/tags [8ms]
2024-06-28 08:14:35.921 [info] > git rev-parse --git-dir --git-common-dir [30ms]
2024-06-28 08:14:35.931 [info] Open repository: /home/nvidia/jetson-inference/python/training/classification
2024-06-28 08:14:35.960 [info] > git status -z -uall [48ms]
2024-06-28 08:14:35.979 [info] > git rev-parse --show-toplevel [25ms]
2024-06-28 08:14:35.981 [info] > git config --get commit.template [33ms]
2024-06-28 08:14:35.981 [info] > git config --get commit.template [41ms]
2024-06-28 08:14:35.990 [info] > git config --get commit.template [14ms]
2024-06-28 08:14:36.004 [info] > git rev-parse --git-dir --git-common-dir [16ms]
2024-06-28 08:14:36.017 [info] Open repository: /home/nvidia/jetson-inference/python/training/detection
2024-06-28 08:14:36.047 [info] > git for-each-ref --format %(refname) %(objectname) %(*objectname) refs/tags [45ms]
2024-06-28 08:14:36.055 [info] > git for-each-ref --format %(refname) %(objectname) %(*objectname) refs/tags [59ms]
2024-06-28 08:14:36.066 [info] > git status -z -uall [12ms]
2024-06-28 08:14:36.075 [info] > git rev-parse --show-toplevel [36ms]
2024-06-28 08:14:36.076 [info] > git config --get commit.template [42ms]
2024-06-28 08:14:36.076 [info] > git for-each-ref --format %(refname) %(objectname) %(*objectname) refs/tags [51ms]
2024-06-28 08:14:36.108 [info] > git status -z -uall [47ms]
2024-06-28 08:14:36.109 [info] > git status -z -uall [26ms]
2024-06-28 08:14:36.109 [info] > git rev-parse --git-dir --git-common-dir [12ms]
2024-06-28 08:14:36.120 [info] Open repository: /home/nvidia/jetson-inference/python/training/segmentation
2024-06-28 08:14:36.122 [info] > git config --get commit.template [32ms]
2024-06-28 08:14:36.144 [info] > git for-each-ref --format %(refname) %(objectname) %(*objectname) refs/tags [40ms]
2024-06-28 08:14:36.173 [info] > git status -z -uall [22ms]
2024-06-28 08:14:36.173 [info] > git rev-parse --show-toplevel [32ms]
2024-06-28 08:14:36.174 [info] > git config --get commit.template [40ms]
2024-06-28 08:14:36.183 [info] > git for-each-ref --format %(refname) %(objectname) %(*objectname) refs/tags [20ms]
2024-06-28 08:14:36.215 [info] > git status -z -uall [26ms]
2024-06-28 08:14:36.220 [info] > git rev-parse --git-dir --git-common-dir [39ms]
2024-06-28 08:14:36.229 [info] Open repository: /home/nvidia/jetson-inference/c/plugins/pose
2024-06-28 08:14:36.247 [info] > git config --get commit.template [36ms]
2024-06-28 08:14:36.248 [info] > git for-each-ref --format %(refname) %(objectname) %(*objectname) refs/tags [44ms]
2024-06-28 08:14:36.257 [info] > git rev-parse --show-toplevel [11ms]
2024-06-28 08:14:36.258 [info] > git config --get commit.template [19ms]
2024-06-28 08:14:36.279 [info] > git status -z -uall [25ms]
2024-06-28 08:14:36.280 [info] > git for-each-ref --format %(refname) %(objectname) %(*objectname) refs/tags [15ms]
2024-06-28 08:14:36.308 [info] > git status -z -uall [22ms]
2024-06-28 08:14:36.308 [info] > git for-each-ref --format %(refname) %(objectname) %(*objectname) refs/tags [31ms]
2024-06-28 08:14:36.316 [info] > git rev-parse --git-dir --git-common-dir [44ms]
2024-06-28 08:14:36.327 [info] Open repository: /home/nvidia/jetson-inference/docker/containers
2024-06-28 08:14:36.356 [info] > git status -z -uall [40ms]
2024-06-28 08:14:36.363 [info] > git config --get commit.template [58ms]
2024-06-28 08:14:36.388 [info] > git rev-parse --show-toplevel [46ms]
2024-06-28 08:14:36.389 [info] > git config --get commit.template [53ms]
2024-06-28 08:14:36.407 [info] > git check-ignore -v -z --stdin [34ms]
2024-06-28 08:14:36.409 [info] > git config --get commit.template [27ms]
2024-06-28 08:14:36.417 [info] > git rev-parse --git-dir --git-common-dir [14ms]
2024-06-28 08:14:36.433 [info] Open repository: /home/nvidia/jetson-inference/ros
2024-06-28 08:14:36.434 [info] > git for-each-ref --format %(refname) %(objectname) %(*objectname) refs/tags [39ms]
2024-06-28 08:14:36.462 [info] > git status -z -uall [22ms]
2024-06-28 08:14:36.462 [info] > git for-each-ref --format %(refname) %(objectname) %(*objectname) refs/tags [47ms]
2024-06-28 08:14:36.472 [info] > git config --get commit.template [18ms]
2024-06-28 08:14:36.472 [info] > git for-each-ref --format %(refname) %(objectname) %(*objectname) refs/tags [25ms]
2024-06-28 08:14:36.485 [info] > git status -z -uall [16ms]
2024-06-28 08:14:36.507 [info] > git status -z -uall [28ms]
2024-06-28 08:14:36.513 [info] > git config --get commit.template [8ms]
2024-06-28 08:14:36.513 [info] > git for-each-ref --format %(refname) %(objectname) %(*objectname) refs/tags [16ms]
2024-06-28 08:14:36.534 [info] > git status -z -uall [14ms]
2024-06-28 08:14:36.548 [info] > git for-each-ref --format %(refname) %(objectname) %(*objectname) refs/tags [17ms]
2024-06-28 08:14:36.557 [info] > git config --get commit.template [10ms]
2024-06-28 08:14:36.569 [info] > git status -z -uall [14ms]
2024-06-28 08:14:36.569 [info] > git for-each-ref --format %(refname) %(objectname) %(*objectname) refs/tags [5ms]
2024-06-28 08:14:36.582 [info] > git status -z -uall [7ms]
2024-06-28 08:14:37.046 [info] > git check-ignore -v -z --stdin [11ms]
2024-06-28 08:14:37.048 [info] > git rev-parse --show-toplevel [6ms]
2024-06-28 08:14:37.058 [info] > git rev-parse --git-dir --git-common-dir [3ms]
2024-06-28 08:14:37.070 [info] Open repository: /home/nvidia/jetson-inference/python/training/detection/ssd
2024-06-28 08:14:37.090 [info] > git config --get commit.template [9ms]
2024-06-28 08:14:37.091 [info] > git for-each-ref --format %(refname) %(objectname) %(*objectname) refs/tags [3ms]
2024-06-28 08:14:37.108 [info] > git status -z -uall [10ms]
2024-06-28 08:14:37.131 [info] > git config --get commit.template [9ms]
2024-06-28 08:14:37.133 [info] > git for-each-ref --format %(refname) %(objectname) %(*objectname) refs/tags [4ms]
2024-06-28 08:14:37.149 [info] > git status -z -uall [10ms]
2024-06-28 08:14:37.626 [info] > git check-ignore -v -z --stdin [14ms]
2024-06-28 08:15:39.374 [info] > git check-ignore -v -z --stdin [18ms]
2024-06-28 08:15:39.376 [info] > git check-ignore -v -z --stdin [14ms]
2024-06-28 08:15:39.377 [info] > git check-ignore -v -z --stdin [8ms]
2024-06-28 08:15:53.522 [info] > git check-ignore -v -z --stdin [5ms]
2024-06-28 08:15:55.431 [info] > git check-ignore -v -z --stdin [7ms]
2024-06-28 08:15:59.490 [info] > git check-ignore -v -z --stdin [4ms]
2024-06-28 08:19:35.318 [info] > git config --get commit.template [11ms]
2024-06-28 08:19:35.321 [info] > git for-each-ref --format=%(refname)%00%(upstream:short)%00%(objectname)%00%(upstream:track)%00%(upstream:remotename)%00%(upstream:remoteref) refs/heads/master refs/remotes/master [4ms]
2024-06-28 08:19:35.327 [warning] ENOENT: no such file or directory, open '/home/nvidia/jetson-inference/.git/refs/remotes/origin/master'
2024-06-28 08:19:35.330 [info] > git rev-parse refs/remotes/origin/master [3ms]
2024-06-28 08:19:35.811 [info] > git status -z -uall [473ms]
2024-06-28 08:20:08.713 [info] > git config --get commit.template [10ms]
2024-06-28 08:20:11.972 [info] > git for-each-ref --format=%(refname)%00%(upstream:short)%00%(objectname)%00%(upstream:track)%00%(upstream:remotename)%00%(upstream:remoteref) refs/heads/master refs/remotes/master [3261ms]
2024-06-28 08:20:11.980 [warning] ENOENT: no such file or directory, open '/home/nvidia/jetson-inference/.git/refs/remotes/origin/master'
2024-06-28 08:20:11.983 [info] > git rev-parse refs/remotes/origin/master [2ms]
2024-06-28 08:20:12.477 [info] > git status -z -uall [488ms]
2024-06-28 08:20:17.504 [info] > git config --get commit.template [9ms]
2024-06-28 08:20:17.505 [info] > git for-each-ref --format=%(refname)%00%(upstream:short)%00%(objectname)%00%(upstream:track)%00%(upstream:remotename)%00%(upstream:remoteref) refs/heads/master refs/remotes/master [3ms]
2024-06-28 08:20:17.512 [warning] ENOENT: no such file or directory, open '/home/nvidia/jetson-inference/.git/refs/remotes/origin/master'
2024-06-28 08:20:17.515 [info] > git rev-parse refs/remotes/origin/master [3ms]
2024-06-28 08:20:17.991 [info] > git status -z -uall [468ms]
2024-06-28 08:22:44.764 [info] > git config --get commit.template [25ms]
2024-06-28 08:22:44.782 [info] > git for-each-ref --format=%(refname)%00%(upstream:short)%00%(objectname)%00%(upstream:track)%00%(upstream:remotename)%00%(upstream:remoteref) refs/heads/master refs/remotes/master [18ms]
2024-06-28 08:22:44.791 [warning] ENOENT: no such file or directory, open '/home/nvidia/jetson-inference/.git/refs/remotes/origin/master'
2024-06-28 08:22:44.794 [info] > git rev-parse refs/remotes/origin/master [3ms]
2024-06-28 08:22:46.308 [info] > git status -z -uall [1505ms]
