2024-06-28 08:14:21.494 [info] Extension host with pid 22748 started
2024-06-28 08:14:21.629 [info] Lock '/home/nvidia/.vscode-server/data/User/workspaceStorage/a407562efb505cfa9d965b751ed44318/vscode.lock': Lock acquired.
2024-06-28 08:14:21.952 [info] Eager extensions activated
2024-06-28 08:14:32.866 [info] ExtensionService#_doActivateExtension vscode.debug-auto-launch, startup: false, activationEvent: 'onStartupFinished'
2024-06-28 08:14:32.870 [info] ExtensionService#_doActivateExtension vscode.git-base, startup: false, activationEvent: '*', root cause: vscode.git
2024-06-28 08:14:32.871 [info] ExtensionService#_doActivateExtension vscode.merge-conflict, startup: false, activationEvent: 'onStartupFinished'
2024-06-28 08:14:33.673 [info] ExtensionService#_doActivateExtension vscode.git, startup: false, activationEvent: '*'
2024-06-28 08:14:33.675 [info] ExtensionService#_doActivateExtension vscode.github, startup: false, activationEvent: '*'
2024-06-28 08:14:34.606 [info] ExtensionService#_doActivateExtension vscode.emmet, startup: false, activationEvent: 'onLanguage'
2024-06-28 08:31:26.996 [info] Extension host terminating: renderer disconnected for too long (2)
2024-06-28 08:31:26.998 [info] Lock '/home/nvidia/.vscode-server/data/User/workspaceStorage/a407562efb505cfa9d965b751ed44318/vscode.lock': Marking the lockfile as scheduled to be released in 6000 ms.
2024-06-28 08:31:27.071 [error] Canceled: Canceled
	at new A (/home/nvidia/.vscode-server/cli/servers/Stable-5437499feb04f7a586f677b155b039bc2b3669eb/server/out/vs/workbench/api/node/extensionHostProcess.js:145:50615)
	at E.U (/home/nvidia/.vscode-server/cli/servers/Stable-5437499feb04f7a586f677b155b039bc2b3669eb/server/out/vs/workbench/api/node/extensionHostProcess.js:152:6007)
	at z.<computed>.M.charCodeAt.R.CharCode.DollarSign.z.<computed> (/home/nvidia/.vscode-server/cli/servers/Stable-5437499feb04f7a586f677b155b039bc2b3669eb/server/out/vs/workbench/api/node/extensionHostProcess.js:152:3091)
	at h.g (/home/nvidia/.vscode-server/cli/servers/Stable-5437499feb04f7a586f677b155b039bc2b3669eb/server/out/vs/workbench/api/node/extensionHostProcess.js:155:199935)
	at h.executeCommand (/home/nvidia/.vscode-server/cli/servers/Stable-5437499feb04f7a586f677b155b039bc2b3669eb/server/out/vs/workbench/api/node/extensionHostProcess.js:155:199373)
	at I.registerCommand.description (/home/nvidia/.vscode-server/cli/servers/Stable-5437499feb04f7a586f677b155b039bc2b3669eb/server/out/vs/workbench/api/node/extensionHostProcess.js:155:198697)
	at h (/home/nvidia/.vscode-server/cli/servers/Stable-5437499feb04f7a586f677b155b039bc2b3669eb/server/out/vs/workbench/api/node/extensionHostProcess.js:155:200474)
	at h.g (/home/nvidia/.vscode-server/cli/servers/Stable-5437499feb04f7a586f677b155b039bc2b3669eb/server/out/vs/workbench/api/node/extensionHostProcess.js:155:199466)
	at h.executeCommand (/home/nvidia/.vscode-server/cli/servers/Stable-5437499feb04f7a586f677b155b039bc2b3669eb/server/out/vs/workbench/api/node/extensionHostProcess.js:155:199373)
	at Object.executeCommand (/home/nvidia/.vscode-server/cli/servers/Stable-5437499feb04f7a586f677b155b039bc2b3669eb/server/out/vs/workbench/api/node/extensionHostProcess.js:165:22742)
	at n.O [as value] (/home/nvidia/.vscode-server/cli/servers/Stable-5437499feb04f7a586f677b155b039bc2b3669eb/server/extensions/git/dist/main.js:2:945191)
	at l.y (/home/nvidia/.vscode-server/cli/servers/Stable-5437499feb04f7a586f677b155b039bc2b3669eb/server/out/vs/workbench/api/node/extensionHostProcess.js:82:664)
	at l.z (/home/nvidia/.vscode-server/cli/servers/Stable-5437499feb04f7a586f677b155b039bc2b3669eb/server/out/vs/workbench/api/node/extensionHostProcess.js:82:734)
	at l.fire (/home/nvidia/.vscode-server/cli/servers/Stable-5437499feb04f7a586f677b155b039bc2b3669eb/server/out/vs/workbench/api/node/extensionHostProcess.js:82:950)
	at Object.p [as dispose] (/home/nvidia/.vscode-server/cli/servers/Stable-5437499feb04f7a586f677b155b039bc2b3669eb/server/extensions/git/dist/main.js:2:964275)
	at /home/nvidia/.vscode-server/cli/servers/Stable-5437499feb04f7a586f677b155b039bc2b3669eb/server/extensions/git/dist/main.js:2:970313
	at Array.forEach (<anonymous>)
	at f.dispose (/home/nvidia/.vscode-server/cli/servers/Stable-5437499feb04f7a586f677b155b039bc2b3669eb/server/extensions/git/dist/main.js:2:970299)
	at a.<anonymous> (/home/nvidia/.vscode-server/cli/servers/Stable-5437499feb04f7a586f677b155b039bc2b3669eb/server/out/vs/workbench/api/node/extensionHostProcess.js:153:4032)
	at a.dispose (/home/nvidia/.vscode-server/cli/servers/Stable-5437499feb04f7a586f677b155b039bc2b3669eb/server/out/vs/workbench/api/node/extensionHostProcess.js:153:4129)
	at a.<anonymous> (/home/nvidia/.vscode-server/cli/servers/Stable-5437499feb04f7a586f677b155b039bc2b3669eb/server/extensions/git/dist/main.js:2:947448)
	at a.dispose (/home/nvidia/.vscode-server/cli/servers/Stable-5437499feb04f7a586f677b155b039bc2b3669eb/server/out/vs/workbench/api/node/extensionHostProcess.js:153:4129)
	at f (/home/nvidia/.vscode-server/cli/servers/Stable-5437499feb04f7a586f677b155b039bc2b3669eb/server/out/vs/workbench/api/node/extensionHostProcess.js:30:744)
	at u.eb (/home/nvidia/.vscode-server/cli/servers/Stable-5437499feb04f7a586f677b155b039bc2b3669eb/server/out/vs/workbench/api/node/extensionHostProcess.js:161:9991)
	at /home/nvidia/.vscode-server/cli/servers/Stable-5437499feb04f7a586f677b155b039bc2b3669eb/server/out/vs/workbench/api/node/extensionHostProcess.js:161:7867
	at Array.map (<anonymous>)
	at u.$ (/home/nvidia/.vscode-server/cli/servers/Stable-5437499feb04f7a586f677b155b039bc2b3669eb/server/out/vs/workbench/api/node/extensionHostProcess.js:161:7854)
	at u.terminate (/home/nvidia/.vscode-server/cli/servers/Stable-5437499feb04f7a586f677b155b039bc2b3669eb/server/out/vs/workbench/api/node/extensionHostProcess.js:161:8127)
	at f.terminate (/home/nvidia/.vscode-server/cli/servers/Stable-5437499feb04f7a586f677b155b039bc2b3669eb/server/out/vs/workbench/api/node/extensionHostProcess.js:165:1513)
	at t (/home/nvidia/.vscode-server/cli/servers/Stable-5437499feb04f7a586f677b155b039bc2b3669eb/server/out/vs/workbench/api/node/extensionHostProcess.js:178:10459)
	at M.a (/home/nvidia/.vscode-server/cli/servers/Stable-5437499feb04f7a586f677b155b039bc2b3669eb/server/out/vs/workbench/api/node/extensionHostProcess.js:178:7151)
	at M.h (/home/nvidia/.vscode-server/cli/servers/Stable-5437499feb04f7a586f677b155b039bc2b3669eb/server/out/vs/workbench/api/node/extensionHostProcess.js:99:21182)
	at listOnTimeout (node:internal/timers:573:17)
	at process.processTimers (node:internal/timers:514:7) setContext undefined
2024-06-28 08:31:27.072 [error] Canceled: Canceled
	at new A (/home/nvidia/.vscode-server/cli/servers/Stable-5437499feb04f7a586f677b155b039bc2b3669eb/server/out/vs/workbench/api/node/extensionHostProcess.js:145:50615)
	at E.U (/home/nvidia/.vscode-server/cli/servers/Stable-5437499feb04f7a586f677b155b039bc2b3669eb/server/out/vs/workbench/api/node/extensionHostProcess.js:152:6007)
	at z.<computed>.M.charCodeAt.R.CharCode.DollarSign.z.<computed> (/home/nvidia/.vscode-server/cli/servers/Stable-5437499feb04f7a586f677b155b039bc2b3669eb/server/out/vs/workbench/api/node/extensionHostProcess.js:152:3091)
	at h.g (/home/nvidia/.vscode-server/cli/servers/Stable-5437499feb04f7a586f677b155b039bc2b3669eb/server/out/vs/workbench/api/node/extensionHostProcess.js:155:199935)
	at h.executeCommand (/home/nvidia/.vscode-server/cli/servers/Stable-5437499feb04f7a586f677b155b039bc2b3669eb/server/out/vs/workbench/api/node/extensionHostProcess.js:155:199373)
	at I.registerCommand.description (/home/nvidia/.vscode-server/cli/servers/Stable-5437499feb04f7a586f677b155b039bc2b3669eb/server/out/vs/workbench/api/node/extensionHostProcess.js:155:198697)
	at h (/home/nvidia/.vscode-server/cli/servers/Stable-5437499feb04f7a586f677b155b039bc2b3669eb/server/out/vs/workbench/api/node/extensionHostProcess.js:155:200474)
	at h.g (/home/nvidia/.vscode-server/cli/servers/Stable-5437499feb04f7a586f677b155b039bc2b3669eb/server/out/vs/workbench/api/node/extensionHostProcess.js:155:199466)
	at h.executeCommand (/home/nvidia/.vscode-server/cli/servers/Stable-5437499feb04f7a586f677b155b039bc2b3669eb/server/out/vs/workbench/api/node/extensionHostProcess.js:155:199373)
	at Object.executeCommand (/home/nvidia/.vscode-server/cli/servers/Stable-5437499feb04f7a586f677b155b039bc2b3669eb/server/out/vs/workbench/api/node/extensionHostProcess.js:165:22742)
	at n.O [as value] (/home/nvidia/.vscode-server/cli/servers/Stable-5437499feb04f7a586f677b155b039bc2b3669eb/server/extensions/git/dist/main.js:2:945191)
	at l.y (/home/nvidia/.vscode-server/cli/servers/Stable-5437499feb04f7a586f677b155b039bc2b3669eb/server/out/vs/workbench/api/node/extensionHostProcess.js:82:664)
	at l.z (/home/nvidia/.vscode-server/cli/servers/Stable-5437499feb04f7a586f677b155b039bc2b3669eb/server/out/vs/workbench/api/node/extensionHostProcess.js:82:734)
	at l.fire (/home/nvidia/.vscode-server/cli/servers/Stable-5437499feb04f7a586f677b155b039bc2b3669eb/server/out/vs/workbench/api/node/extensionHostProcess.js:82:950)
	at Object.p [as dispose] (/home/nvidia/.vscode-server/cli/servers/Stable-5437499feb04f7a586f677b155b039bc2b3669eb/server/extensions/git/dist/main.js:2:964275)
	at /home/nvidia/.vscode-server/cli/servers/Stable-5437499feb04f7a586f677b155b039bc2b3669eb/server/extensions/git/dist/main.js:2:970313
	at Array.forEach (<anonymous>)
	at f.dispose (/home/nvidia/.vscode-server/cli/servers/Stable-5437499feb04f7a586f677b155b039bc2b3669eb/server/extensions/git/dist/main.js:2:970299)
	at a.<anonymous> (/home/nvidia/.vscode-server/cli/servers/Stable-5437499feb04f7a586f677b155b039bc2b3669eb/server/out/vs/workbench/api/node/extensionHostProcess.js:153:4032)
	at a.dispose (/home/nvidia/.vscode-server/cli/servers/Stable-5437499feb04f7a586f677b155b039bc2b3669eb/server/out/vs/workbench/api/node/extensionHostProcess.js:153:4129)
	at a.<anonymous> (/home/nvidia/.vscode-server/cli/servers/Stable-5437499feb04f7a586f677b155b039bc2b3669eb/server/extensions/git/dist/main.js:2:947448)
	at a.dispose (/home/nvidia/.vscode-server/cli/servers/Stable-5437499feb04f7a586f677b155b039bc2b3669eb/server/out/vs/workbench/api/node/extensionHostProcess.js:153:4129)
	at f (/home/nvidia/.vscode-server/cli/servers/Stable-5437499feb04f7a586f677b155b039bc2b3669eb/server/out/vs/workbench/api/node/extensionHostProcess.js:30:744)
	at u.eb (/home/nvidia/.vscode-server/cli/servers/Stable-5437499feb04f7a586f677b155b039bc2b3669eb/server/out/vs/workbench/api/node/extensionHostProcess.js:161:9991)
	at /home/nvidia/.vscode-server/cli/servers/Stable-5437499feb04f7a586f677b155b039bc2b3669eb/server/out/vs/workbench/api/node/extensionHostProcess.js:161:7867
	at Array.map (<anonymous>)
	at u.$ (/home/nvidia/.vscode-server/cli/servers/Stable-5437499feb04f7a586f677b155b039bc2b3669eb/server/out/vs/workbench/api/node/extensionHostProcess.js:161:7854)
	at u.terminate (/home/nvidia/.vscode-server/cli/servers/Stable-5437499feb04f7a586f677b155b039bc2b3669eb/server/out/vs/workbench/api/node/extensionHostProcess.js:161:8127)
	at f.terminate (/home/nvidia/.vscode-server/cli/servers/Stable-5437499feb04f7a586f677b155b039bc2b3669eb/server/out/vs/workbench/api/node/extensionHostProcess.js:165:1513)
	at t (/home/nvidia/.vscode-server/cli/servers/Stable-5437499feb04f7a586f677b155b039bc2b3669eb/server/out/vs/workbench/api/node/extensionHostProcess.js:178:10459)
	at M.a (/home/nvidia/.vscode-server/cli/servers/Stable-5437499feb04f7a586f677b155b039bc2b3669eb/server/out/vs/workbench/api/node/extensionHostProcess.js:178:7151)
	at M.h (/home/nvidia/.vscode-server/cli/servers/Stable-5437499feb04f7a586f677b155b039bc2b3669eb/server/out/vs/workbench/api/node/extensionHostProcess.js:99:21182)
	at listOnTimeout (node:internal/timers:573:17)
	at process.processTimers (node:internal/timers:514:7) setContext undefined
2024-06-28 08:31:27.073 [error] Canceled: Canceled
	at new A (/home/nvidia/.vscode-server/cli/servers/Stable-5437499feb04f7a586f677b155b039bc2b3669eb/server/out/vs/workbench/api/node/extensionHostProcess.js:145:50615)
	at E.U (/home/nvidia/.vscode-server/cli/servers/Stable-5437499feb04f7a586f677b155b039bc2b3669eb/server/out/vs/workbench/api/node/extensionHostProcess.js:152:6007)
	at z.<computed>.M.charCodeAt.R.CharCode.DollarSign.z.<computed> (/home/nvidia/.vscode-server/cli/servers/Stable-5437499feb04f7a586f677b155b039bc2b3669eb/server/out/vs/workbench/api/node/extensionHostProcess.js:152:3091)
	at h.g (/home/nvidia/.vscode-server/cli/servers/Stable-5437499feb04f7a586f677b155b039bc2b3669eb/server/out/vs/workbench/api/node/extensionHostProcess.js:155:199935)
	at h.executeCommand (/home/nvidia/.vscode-server/cli/servers/Stable-5437499feb04f7a586f677b155b039bc2b3669eb/server/out/vs/workbench/api/node/extensionHostProcess.js:155:199373)
	at I.registerCommand.description (/home/nvidia/.vscode-server/cli/servers/Stable-5437499feb04f7a586f677b155b039bc2b3669eb/server/out/vs/workbench/api/node/extensionHostProcess.js:155:198697)
	at h (/home/nvidia/.vscode-server/cli/servers/Stable-5437499feb04f7a586f677b155b039bc2b3669eb/server/out/vs/workbench/api/node/extensionHostProcess.js:155:200474)
	at h.g (/home/nvidia/.vscode-server/cli/servers/Stable-5437499feb04f7a586f677b155b039bc2b3669eb/server/out/vs/workbench/api/node/extensionHostProcess.js:155:199466)
	at h.executeCommand (/home/nvidia/.vscode-server/cli/servers/Stable-5437499feb04f7a586f677b155b039bc2b3669eb/server/out/vs/workbench/api/node/extensionHostProcess.js:155:199373)
	at Object.executeCommand (/home/nvidia/.vscode-server/cli/servers/Stable-5437499feb04f7a586f677b155b039bc2b3669eb/server/out/vs/workbench/api/node/extensionHostProcess.js:165:22742)
	at n.O [as value] (/home/nvidia/.vscode-server/cli/servers/Stable-5437499feb04f7a586f677b155b039bc2b3669eb/server/extensions/git/dist/main.js:2:945191)
	at l.y (/home/nvidia/.vscode-server/cli/servers/Stable-5437499feb04f7a586f677b155b039bc2b3669eb/server/out/vs/workbench/api/node/extensionHostProcess.js:82:664)
	at l.z (/home/nvidia/.vscode-server/cli/servers/Stable-5437499feb04f7a586f677b155b039bc2b3669eb/server/out/vs/workbench/api/node/extensionHostProcess.js:82:734)
	at l.fire (/home/nvidia/.vscode-server/cli/servers/Stable-5437499feb04f7a586f677b155b039bc2b3669eb/server/out/vs/workbench/api/node/extensionHostProcess.js:82:950)
	at Object.p [as dispose] (/home/nvidia/.vscode-server/cli/servers/Stable-5437499feb04f7a586f677b155b039bc2b3669eb/server/extensions/git/dist/main.js:2:964275)
	at /home/nvidia/.vscode-server/cli/servers/Stable-5437499feb04f7a586f677b155b039bc2b3669eb/server/extensions/git/dist/main.js:2:970313
	at Array.forEach (<anonymous>)
	at f.dispose (/home/nvidia/.vscode-server/cli/servers/Stable-5437499feb04f7a586f677b155b039bc2b3669eb/server/extensions/git/dist/main.js:2:970299)
	at a.<anonymous> (/home/nvidia/.vscode-server/cli/servers/Stable-5437499feb04f7a586f677b155b039bc2b3669eb/server/out/vs/workbench/api/node/extensionHostProcess.js:153:4032)
	at a.dispose (/home/nvidia/.vscode-server/cli/servers/Stable-5437499feb04f7a586f677b155b039bc2b3669eb/server/out/vs/workbench/api/node/extensionHostProcess.js:153:4129)
	at a.<anonymous> (/home/nvidia/.vscode-server/cli/servers/Stable-5437499feb04f7a586f677b155b039bc2b3669eb/server/extensions/git/dist/main.js:2:947448)
	at a.dispose (/home/nvidia/.vscode-server/cli/servers/Stable-5437499feb04f7a586f677b155b039bc2b3669eb/server/out/vs/workbench/api/node/extensionHostProcess.js:153:4129)
	at f (/home/nvidia/.vscode-server/cli/servers/Stable-5437499feb04f7a586f677b155b039bc2b3669eb/server/out/vs/workbench/api/node/extensionHostProcess.js:30:744)
	at u.eb (/home/nvidia/.vscode-server/cli/servers/Stable-5437499feb04f7a586f677b155b039bc2b3669eb/server/out/vs/workbench/api/node/extensionHostProcess.js:161:9991)
	at /home/nvidia/.vscode-server/cli/servers/Stable-5437499feb04f7a586f677b155b039bc2b3669eb/server/out/vs/workbench/api/node/extensionHostProcess.js:161:7867
	at Array.map (<anonymous>)
	at u.$ (/home/nvidia/.vscode-server/cli/servers/Stable-5437499feb04f7a586f677b155b039bc2b3669eb/server/out/vs/workbench/api/node/extensionHostProcess.js:161:7854)
	at u.terminate (/home/nvidia/.vscode-server/cli/servers/Stable-5437499feb04f7a586f677b155b039bc2b3669eb/server/out/vs/workbench/api/node/extensionHostProcess.js:161:8127)
	at f.terminate (/home/nvidia/.vscode-server/cli/servers/Stable-5437499feb04f7a586f677b155b039bc2b3669eb/server/out/vs/workbench/api/node/extensionHostProcess.js:165:1513)
	at t (/home/nvidia/.vscode-server/cli/servers/Stable-5437499feb04f7a586f677b155b039bc2b3669eb/server/out/vs/workbench/api/node/extensionHostProcess.js:178:10459)
	at M.a (/home/nvidia/.vscode-server/cli/servers/Stable-5437499feb04f7a586f677b155b039bc2b3669eb/server/out/vs/workbench/api/node/extensionHostProcess.js:178:7151)
	at M.h (/home/nvidia/.vscode-server/cli/servers/Stable-5437499feb04f7a586f677b155b039bc2b3669eb/server/out/vs/workbench/api/node/extensionHostProcess.js:99:21182)
	at listOnTimeout (node:internal/timers:573:17)
	at process.processTimers (node:internal/timers:514:7) setContext undefined
2024-06-28 08:31:27.074 [error] Canceled: Canceled
	at new A (/home/nvidia/.vscode-server/cli/servers/Stable-5437499feb04f7a586f677b155b039bc2b3669eb/server/out/vs/workbench/api/node/extensionHostProcess.js:145:50615)
	at E.U (/home/nvidia/.vscode-server/cli/servers/Stable-5437499feb04f7a586f677b155b039bc2b3669eb/server/out/vs/workbench/api/node/extensionHostProcess.js:152:6007)
	at z.<computed>.M.charCodeAt.R.CharCode.DollarSign.z.<computed> (/home/nvidia/.vscode-server/cli/servers/Stable-5437499feb04f7a586f677b155b039bc2b3669eb/server/out/vs/workbench/api/node/extensionHostProcess.js:152:3091)
	at h.g (/home/nvidia/.vscode-server/cli/servers/Stable-5437499feb04f7a586f677b155b039bc2b3669eb/server/out/vs/workbench/api/node/extensionHostProcess.js:155:199935)
	at h.executeCommand (/home/nvidia/.vscode-server/cli/servers/Stable-5437499feb04f7a586f677b155b039bc2b3669eb/server/out/vs/workbench/api/node/extensionHostProcess.js:155:199373)
	at I.registerCommand.description (/home/nvidia/.vscode-server/cli/servers/Stable-5437499feb04f7a586f677b155b039bc2b3669eb/server/out/vs/workbench/api/node/extensionHostProcess.js:155:198697)
	at h (/home/nvidia/.vscode-server/cli/servers/Stable-5437499feb04f7a586f677b155b039bc2b3669eb/server/out/vs/workbench/api/node/extensionHostProcess.js:155:200474)
	at h.g (/home/nvidia/.vscode-server/cli/servers/Stable-5437499feb04f7a586f677b155b039bc2b3669eb/server/out/vs/workbench/api/node/extensionHostProcess.js:155:199466)
	at h.executeCommand (/home/nvidia/.vscode-server/cli/servers/Stable-5437499feb04f7a586f677b155b039bc2b3669eb/server/out/vs/workbench/api/node/extensionHostProcess.js:155:199373)
	at Object.executeCommand (/home/nvidia/.vscode-server/cli/servers/Stable-5437499feb04f7a586f677b155b039bc2b3669eb/server/out/vs/workbench/api/node/extensionHostProcess.js:165:22742)
	at n.O [as value] (/home/nvidia/.vscode-server/cli/servers/Stable-5437499feb04f7a586f677b155b039bc2b3669eb/server/extensions/git/dist/main.js:2:945191)
	at l.y (/home/nvidia/.vscode-server/cli/servers/Stable-5437499feb04f7a586f677b155b039bc2b3669eb/server/out/vs/workbench/api/node/extensionHostProcess.js:82:664)
	at l.z (/home/nvidia/.vscode-server/cli/servers/Stable-5437499feb04f7a586f677b155b039bc2b3669eb/server/out/vs/workbench/api/node/extensionHostProcess.js:82:734)
	at l.fire (/home/nvidia/.vscode-server/cli/servers/Stable-5437499feb04f7a586f677b155b039bc2b3669eb/server/out/vs/workbench/api/node/extensionHostProcess.js:82:950)
	at Object.p [as dispose] (/home/nvidia/.vscode-server/cli/servers/Stable-5437499feb04f7a586f677b155b039bc2b3669eb/server/extensions/git/dist/main.js:2:964275)
	at /home/nvidia/.vscode-server/cli/servers/Stable-5437499feb04f7a586f677b155b039bc2b3669eb/server/extensions/git/dist/main.js:2:970313
	at Array.forEach (<anonymous>)
	at f.dispose (/home/nvidia/.vscode-server/cli/servers/Stable-5437499feb04f7a586f677b155b039bc2b3669eb/server/extensions/git/dist/main.js:2:970299)
	at a.<anonymous> (/home/nvidia/.vscode-server/cli/servers/Stable-5437499feb04f7a586f677b155b039bc2b3669eb/server/out/vs/workbench/api/node/extensionHostProcess.js:153:4032)
	at a.dispose (/home/nvidia/.vscode-server/cli/servers/Stable-5437499feb04f7a586f677b155b039bc2b3669eb/server/out/vs/workbench/api/node/extensionHostProcess.js:153:4129)
	at a.<anonymous> (/home/nvidia/.vscode-server/cli/servers/Stable-5437499feb04f7a586f677b155b039bc2b3669eb/server/extensions/git/dist/main.js:2:947448)
	at a.dispose (/home/nvidia/.vscode-server/cli/servers/Stable-5437499feb04f7a586f677b155b039bc2b3669eb/server/out/vs/workbench/api/node/extensionHostProcess.js:153:4129)
	at f (/home/nvidia/.vscode-server/cli/servers/Stable-5437499feb04f7a586f677b155b039bc2b3669eb/server/out/vs/workbench/api/node/extensionHostProcess.js:30:744)
	at u.eb (/home/nvidia/.vscode-server/cli/servers/Stable-5437499feb04f7a586f677b155b039bc2b3669eb/server/out/vs/workbench/api/node/extensionHostProcess.js:161:9991)
	at /home/nvidia/.vscode-server/cli/servers/Stable-5437499feb04f7a586f677b155b039bc2b3669eb/server/out/vs/workbench/api/node/extensionHostProcess.js:161:7867
	at Array.map (<anonymous>)
	at u.$ (/home/nvidia/.vscode-server/cli/servers/Stable-5437499feb04f7a586f677b155b039bc2b3669eb/server/out/vs/workbench/api/node/extensionHostProcess.js:161:7854)
	at u.terminate (/home/nvidia/.vscode-server/cli/servers/Stable-5437499feb04f7a586f677b155b039bc2b3669eb/server/out/vs/workbench/api/node/extensionHostProcess.js:161:8127)
	at f.terminate (/home/nvidia/.vscode-server/cli/servers/Stable-5437499feb04f7a586f677b155b039bc2b3669eb/server/out/vs/workbench/api/node/extensionHostProcess.js:165:1513)
	at t (/home/nvidia/.vscode-server/cli/servers/Stable-5437499feb04f7a586f677b155b039bc2b3669eb/server/out/vs/workbench/api/node/extensionHostProcess.js:178:10459)
	at M.a (/home/nvidia/.vscode-server/cli/servers/Stable-5437499feb04f7a586f677b155b039bc2b3669eb/server/out/vs/workbench/api/node/extensionHostProcess.js:178:7151)
	at M.h (/home/nvidia/.vscode-server/cli/servers/Stable-5437499feb04f7a586f677b155b039bc2b3669eb/server/out/vs/workbench/api/node/extensionHostProcess.js:99:21182)
	at listOnTimeout (node:internal/timers:573:17)
	at process.processTimers (node:internal/timers:514:7) setContext undefined
2024-06-28 08:31:27.075 [error] Canceled: Canceled
	at new A (/home/nvidia/.vscode-server/cli/servers/Stable-5437499feb04f7a586f677b155b039bc2b3669eb/server/out/vs/workbench/api/node/extensionHostProcess.js:145:50615)
	at E.U (/home/nvidia/.vscode-server/cli/servers/Stable-5437499feb04f7a586f677b155b039bc2b3669eb/server/out/vs/workbench/api/node/extensionHostProcess.js:152:6007)
	at z.<computed>.M.charCodeAt.R.CharCode.DollarSign.z.<computed> (/home/nvidia/.vscode-server/cli/servers/Stable-5437499feb04f7a586f677b155b039bc2b3669eb/server/out/vs/workbench/api/node/extensionHostProcess.js:152:3091)
	at h.g (/home/nvidia/.vscode-server/cli/servers/Stable-5437499feb04f7a586f677b155b039bc2b3669eb/server/out/vs/workbench/api/node/extensionHostProcess.js:155:199935)
	at h.executeCommand (/home/nvidia/.vscode-server/cli/servers/Stable-5437499feb04f7a586f677b155b039bc2b3669eb/server/out/vs/workbench/api/node/extensionHostProcess.js:155:199373)
	at I.registerCommand.description (/home/nvidia/.vscode-server/cli/servers/Stable-5437499feb04f7a586f677b155b039bc2b3669eb/server/out/vs/workbench/api/node/extensionHostProcess.js:155:198697)
	at h (/home/nvidia/.vscode-server/cli/servers/Stable-5437499feb04f7a586f677b155b039bc2b3669eb/server/out/vs/workbench/api/node/extensionHostProcess.js:155:200474)
	at h.g (/home/nvidia/.vscode-server/cli/servers/Stable-5437499feb04f7a586f677b155b039bc2b3669eb/server/out/vs/workbench/api/node/extensionHostProcess.js:155:199466)
	at h.executeCommand (/home/nvidia/.vscode-server/cli/servers/Stable-5437499feb04f7a586f677b155b039bc2b3669eb/server/out/vs/workbench/api/node/extensionHostProcess.js:155:199373)
	at Object.executeCommand (/home/nvidia/.vscode-server/cli/servers/Stable-5437499feb04f7a586f677b155b039bc2b3669eb/server/out/vs/workbench/api/node/extensionHostProcess.js:165:22742)
	at n.O [as value] (/home/nvidia/.vscode-server/cli/servers/Stable-5437499feb04f7a586f677b155b039bc2b3669eb/server/extensions/git/dist/main.js:2:945191)
	at l.y (/home/nvidia/.vscode-server/cli/servers/Stable-5437499feb04f7a586f677b155b039bc2b3669eb/server/out/vs/workbench/api/node/extensionHostProcess.js:82:664)
	at l.z (/home/nvidia/.vscode-server/cli/servers/Stable-5437499feb04f7a586f677b155b039bc2b3669eb/server/out/vs/workbench/api/node/extensionHostProcess.js:82:734)
	at l.fire (/home/nvidia/.vscode-server/cli/servers/Stable-5437499feb04f7a586f677b155b039bc2b3669eb/server/out/vs/workbench/api/node/extensionHostProcess.js:82:950)
	at Object.p [as dispose] (/home/nvidia/.vscode-server/cli/servers/Stable-5437499feb04f7a586f677b155b039bc2b3669eb/server/extensions/git/dist/main.js:2:964275)
	at /home/nvidia/.vscode-server/cli/servers/Stable-5437499feb04f7a586f677b155b039bc2b3669eb/server/extensions/git/dist/main.js:2:970313
	at Array.forEach (<anonymous>)
	at f.dispose (/home/nvidia/.vscode-server/cli/servers/Stable-5437499feb04f7a586f677b155b039bc2b3669eb/server/extensions/git/dist/main.js:2:970299)
	at a.<anonymous> (/home/nvidia/.vscode-server/cli/servers/Stable-5437499feb04f7a586f677b155b039bc2b3669eb/server/out/vs/workbench/api/node/extensionHostProcess.js:153:4032)
	at a.dispose (/home/nvidia/.vscode-server/cli/servers/Stable-5437499feb04f7a586f677b155b039bc2b3669eb/server/out/vs/workbench/api/node/extensionHostProcess.js:153:4129)
	at a.<anonymous> (/home/nvidia/.vscode-server/cli/servers/Stable-5437499feb04f7a586f677b155b039bc2b3669eb/server/extensions/git/dist/main.js:2:947448)
	at a.dispose (/home/nvidia/.vscode-server/cli/servers/Stable-5437499feb04f7a586f677b155b039bc2b3669eb/server/out/vs/workbench/api/node/extensionHostProcess.js:153:4129)
	at f (/home/nvidia/.vscode-server/cli/servers/Stable-5437499feb04f7a586f677b155b039bc2b3669eb/server/out/vs/workbench/api/node/extensionHostProcess.js:30:744)
	at u.eb (/home/nvidia/.vscode-server/cli/servers/Stable-5437499feb04f7a586f677b155b039bc2b3669eb/server/out/vs/workbench/api/node/extensionHostProcess.js:161:9991)
	at /home/nvidia/.vscode-server/cli/servers/Stable-5437499feb04f7a586f677b155b039bc2b3669eb/server/out/vs/workbench/api/node/extensionHostProcess.js:161:7867
	at Array.map (<anonymous>)
	at u.$ (/home/nvidia/.vscode-server/cli/servers/Stable-5437499feb04f7a586f677b155b039bc2b3669eb/server/out/vs/workbench/api/node/extensionHostProcess.js:161:7854)
	at u.terminate (/home/nvidia/.vscode-server/cli/servers/Stable-5437499feb04f7a586f677b155b039bc2b3669eb/server/out/vs/workbench/api/node/extensionHostProcess.js:161:8127)
	at f.terminate (/home/nvidia/.vscode-server/cli/servers/Stable-5437499feb04f7a586f677b155b039bc2b3669eb/server/out/vs/workbench/api/node/extensionHostProcess.js:165:1513)
	at t (/home/nvidia/.vscode-server/cli/servers/Stable-5437499feb04f7a586f677b155b039bc2b3669eb/server/out/vs/workbench/api/node/extensionHostProcess.js:178:10459)
	at M.a (/home/nvidia/.vscode-server/cli/servers/Stable-5437499feb04f7a586f677b155b039bc2b3669eb/server/out/vs/workbench/api/node/extensionHostProcess.js:178:7151)
	at M.h (/home/nvidia/.vscode-server/cli/servers/Stable-5437499feb04f7a586f677b155b039bc2b3669eb/server/out/vs/workbench/api/node/extensionHostProcess.js:99:21182)
	at listOnTimeout (node:internal/timers:573:17)
	at process.processTimers (node:internal/timers:514:7) setContext undefined
2024-06-28 08:31:27.076 [error] Canceled: Canceled
	at new A (/home/nvidia/.vscode-server/cli/servers/Stable-5437499feb04f7a586f677b155b039bc2b3669eb/server/out/vs/workbench/api/node/extensionHostProcess.js:145:50615)
	at E.U (/home/nvidia/.vscode-server/cli/servers/Stable-5437499feb04f7a586f677b155b039bc2b3669eb/server/out/vs/workbench/api/node/extensionHostProcess.js:152:6007)
	at z.<computed>.M.charCodeAt.R.CharCode.DollarSign.z.<computed> (/home/nvidia/.vscode-server/cli/servers/Stable-5437499feb04f7a586f677b155b039bc2b3669eb/server/out/vs/workbench/api/node/extensionHostProcess.js:152:3091)
	at h.g (/home/nvidia/.vscode-server/cli/servers/Stable-5437499feb04f7a586f677b155b039bc2b3669eb/server/out/vs/workbench/api/node/extensionHostProcess.js:155:199935)
	at h.executeCommand (/home/nvidia/.vscode-server/cli/servers/Stable-5437499feb04f7a586f677b155b039bc2b3669eb/server/out/vs/workbench/api/node/extensionHostProcess.js:155:199373)
	at I.registerCommand.description (/home/nvidia/.vscode-server/cli/servers/Stable-5437499feb04f7a586f677b155b039bc2b3669eb/server/out/vs/workbench/api/node/extensionHostProcess.js:155:198697)
	at h (/home/nvidia/.vscode-server/cli/servers/Stable-5437499feb04f7a586f677b155b039bc2b3669eb/server/out/vs/workbench/api/node/extensionHostProcess.js:155:200474)
	at h.g (/home/nvidia/.vscode-server/cli/servers/Stable-5437499feb04f7a586f677b155b039bc2b3669eb/server/out/vs/workbench/api/node/extensionHostProcess.js:155:199466)
	at h.executeCommand (/home/nvidia/.vscode-server/cli/servers/Stable-5437499feb04f7a586f677b155b039bc2b3669eb/server/out/vs/workbench/api/node/extensionHostProcess.js:155:199373)
	at Object.executeCommand (/home/nvidia/.vscode-server/cli/servers/Stable-5437499feb04f7a586f677b155b039bc2b3669eb/server/out/vs/workbench/api/node/extensionHostProcess.js:165:22742)
	at n.O [as value] (/home/nvidia/.vscode-server/cli/servers/Stable-5437499feb04f7a586f677b155b039bc2b3669eb/server/extensions/git/dist/main.js:2:945191)
	at l.y (/home/nvidia/.vscode-server/cli/servers/Stable-5437499feb04f7a586f677b155b039bc2b3669eb/server/out/vs/workbench/api/node/extensionHostProcess.js:82:664)
	at l.z (/home/nvidia/.vscode-server/cli/servers/Stable-5437499feb04f7a586f677b155b039bc2b3669eb/server/out/vs/workbench/api/node/extensionHostProcess.js:82:734)
	at l.fire (/home/nvidia/.vscode-server/cli/servers/Stable-5437499feb04f7a586f677b155b039bc2b3669eb/server/out/vs/workbench/api/node/extensionHostProcess.js:82:950)
	at Object.p [as dispose] (/home/nvidia/.vscode-server/cli/servers/Stable-5437499feb04f7a586f677b155b039bc2b3669eb/server/extensions/git/dist/main.js:2:964275)
	at /home/nvidia/.vscode-server/cli/servers/Stable-5437499feb04f7a586f677b155b039bc2b3669eb/server/extensions/git/dist/main.js:2:970313
	at Array.forEach (<anonymous>)
	at f.dispose (/home/nvidia/.vscode-server/cli/servers/Stable-5437499feb04f7a586f677b155b039bc2b3669eb/server/extensions/git/dist/main.js:2:970299)
	at a.<anonymous> (/home/nvidia/.vscode-server/cli/servers/Stable-5437499feb04f7a586f677b155b039bc2b3669eb/server/out/vs/workbench/api/node/extensionHostProcess.js:153:4032)
	at a.dispose (/home/nvidia/.vscode-server/cli/servers/Stable-5437499feb04f7a586f677b155b039bc2b3669eb/server/out/vs/workbench/api/node/extensionHostProcess.js:153:4129)
	at a.<anonymous> (/home/nvidia/.vscode-server/cli/servers/Stable-5437499feb04f7a586f677b155b039bc2b3669eb/server/extensions/git/dist/main.js:2:947448)
	at a.dispose (/home/nvidia/.vscode-server/cli/servers/Stable-5437499feb04f7a586f677b155b039bc2b3669eb/server/out/vs/workbench/api/node/extensionHostProcess.js:153:4129)
	at f (/home/nvidia/.vscode-server/cli/servers/Stable-5437499feb04f7a586f677b155b039bc2b3669eb/server/out/vs/workbench/api/node/extensionHostProcess.js:30:744)
	at u.eb (/home/nvidia/.vscode-server/cli/servers/Stable-5437499feb04f7a586f677b155b039bc2b3669eb/server/out/vs/workbench/api/node/extensionHostProcess.js:161:9991)
	at /home/nvidia/.vscode-server/cli/servers/Stable-5437499feb04f7a586f677b155b039bc2b3669eb/server/out/vs/workbench/api/node/extensionHostProcess.js:161:7867
	at Array.map (<anonymous>)
	at u.$ (/home/nvidia/.vscode-server/cli/servers/Stable-5437499feb04f7a586f677b155b039bc2b3669eb/server/out/vs/workbench/api/node/extensionHostProcess.js:161:7854)
	at u.terminate (/home/nvidia/.vscode-server/cli/servers/Stable-5437499feb04f7a586f677b155b039bc2b3669eb/server/out/vs/workbench/api/node/extensionHostProcess.js:161:8127)
	at f.terminate (/home/nvidia/.vscode-server/cli/servers/Stable-5437499feb04f7a586f677b155b039bc2b3669eb/server/out/vs/workbench/api/node/extensionHostProcess.js:165:1513)
	at t (/home/nvidia/.vscode-server/cli/servers/Stable-5437499feb04f7a586f677b155b039bc2b3669eb/server/out/vs/workbench/api/node/extensionHostProcess.js:178:10459)
	at M.a (/home/nvidia/.vscode-server/cli/servers/Stable-5437499feb04f7a586f677b155b039bc2b3669eb/server/out/vs/workbench/api/node/extensionHostProcess.js:178:7151)
	at M.h (/home/nvidia/.vscode-server/cli/servers/Stable-5437499feb04f7a586f677b155b039bc2b3669eb/server/out/vs/workbench/api/node/extensionHostProcess.js:99:21182)
	at listOnTimeout (node:internal/timers:573:17)
	at process.processTimers (node:internal/timers:514:7) setContext undefined
2024-06-28 08:31:27.077 [error] Canceled: Canceled
	at new A (/home/nvidia/.vscode-server/cli/servers/Stable-5437499feb04f7a586f677b155b039bc2b3669eb/server/out/vs/workbench/api/node/extensionHostProcess.js:145:50615)
	at E.U (/home/nvidia/.vscode-server/cli/servers/Stable-5437499feb04f7a586f677b155b039bc2b3669eb/server/out/vs/workbench/api/node/extensionHostProcess.js:152:6007)
	at z.<computed>.M.charCodeAt.R.CharCode.DollarSign.z.<computed> (/home/nvidia/.vscode-server/cli/servers/Stable-5437499feb04f7a586f677b155b039bc2b3669eb/server/out/vs/workbench/api/node/extensionHostProcess.js:152:3091)
	at h.g (/home/nvidia/.vscode-server/cli/servers/Stable-5437499feb04f7a586f677b155b039bc2b3669eb/server/out/vs/workbench/api/node/extensionHostProcess.js:155:199935)
	at h.executeCommand (/home/nvidia/.vscode-server/cli/servers/Stable-5437499feb04f7a586f677b155b039bc2b3669eb/server/out/vs/workbench/api/node/extensionHostProcess.js:155:199373)
	at I.registerCommand.description (/home/nvidia/.vscode-server/cli/servers/Stable-5437499feb04f7a586f677b155b039bc2b3669eb/server/out/vs/workbench/api/node/extensionHostProcess.js:155:198697)
	at h (/home/nvidia/.vscode-server/cli/servers/Stable-5437499feb04f7a586f677b155b039bc2b3669eb/server/out/vs/workbench/api/node/extensionHostProcess.js:155:200474)
	at h.g (/home/nvidia/.vscode-server/cli/servers/Stable-5437499feb04f7a586f677b155b039bc2b3669eb/server/out/vs/workbench/api/node/extensionHostProcess.js:155:199466)
	at h.executeCommand (/home/nvidia/.vscode-server/cli/servers/Stable-5437499feb04f7a586f677b155b039bc2b3669eb/server/out/vs/workbench/api/node/extensionHostProcess.js:155:199373)
	at Object.executeCommand (/home/nvidia/.vscode-server/cli/servers/Stable-5437499feb04f7a586f677b155b039bc2b3669eb/server/out/vs/workbench/api/node/extensionHostProcess.js:165:22742)
	at n.O [as value] (/home/nvidia/.vscode-server/cli/servers/Stable-5437499feb04f7a586f677b155b039bc2b3669eb/server/extensions/git/dist/main.js:2:945191)
	at l.y (/home/nvidia/.vscode-server/cli/servers/Stable-5437499feb04f7a586f677b155b039bc2b3669eb/server/out/vs/workbench/api/node/extensionHostProcess.js:82:664)
	at l.z (/home/nvidia/.vscode-server/cli/servers/Stable-5437499feb04f7a586f677b155b039bc2b3669eb/server/out/vs/workbench/api/node/extensionHostProcess.js:82:734)
	at l.fire (/home/nvidia/.vscode-server/cli/servers/Stable-5437499feb04f7a586f677b155b039bc2b3669eb/server/out/vs/workbench/api/node/extensionHostProcess.js:82:950)
	at Object.p [as dispose] (/home/nvidia/.vscode-server/cli/servers/Stable-5437499feb04f7a586f677b155b039bc2b3669eb/server/extensions/git/dist/main.js:2:964275)
	at /home/nvidia/.vscode-server/cli/servers/Stable-5437499feb04f7a586f677b155b039bc2b3669eb/server/extensions/git/dist/main.js:2:970313
	at Array.forEach (<anonymous>)
	at f.dispose (/home/nvidia/.vscode-server/cli/servers/Stable-5437499feb04f7a586f677b155b039bc2b3669eb/server/extensions/git/dist/main.js:2:970299)
	at a.<anonymous> (/home/nvidia/.vscode-server/cli/servers/Stable-5437499feb04f7a586f677b155b039bc2b3669eb/server/out/vs/workbench/api/node/extensionHostProcess.js:153:4032)
	at a.dispose (/home/nvidia/.vscode-server/cli/servers/Stable-5437499feb04f7a586f677b155b039bc2b3669eb/server/out/vs/workbench/api/node/extensionHostProcess.js:153:4129)
	at a.<anonymous> (/home/nvidia/.vscode-server/cli/servers/Stable-5437499feb04f7a586f677b155b039bc2b3669eb/server/extensions/git/dist/main.js:2:947448)
	at a.dispose (/home/nvidia/.vscode-server/cli/servers/Stable-5437499feb04f7a586f677b155b039bc2b3669eb/server/out/vs/workbench/api/node/extensionHostProcess.js:153:4129)
	at f (/home/nvidia/.vscode-server/cli/servers/Stable-5437499feb04f7a586f677b155b039bc2b3669eb/server/out/vs/workbench/api/node/extensionHostProcess.js:30:744)
	at u.eb (/home/nvidia/.vscode-server/cli/servers/Stable-5437499feb04f7a586f677b155b039bc2b3669eb/server/out/vs/workbench/api/node/extensionHostProcess.js:161:9991)
	at /home/nvidia/.vscode-server/cli/servers/Stable-5437499feb04f7a586f677b155b039bc2b3669eb/server/out/vs/workbench/api/node/extensionHostProcess.js:161:7867
	at Array.map (<anonymous>)
	at u.$ (/home/nvidia/.vscode-server/cli/servers/Stable-5437499feb04f7a586f677b155b039bc2b3669eb/server/out/vs/workbench/api/node/extensionHostProcess.js:161:7854)
	at u.terminate (/home/nvidia/.vscode-server/cli/servers/Stable-5437499feb04f7a586f677b155b039bc2b3669eb/server/out/vs/workbench/api/node/extensionHostProcess.js:161:8127)
	at f.terminate (/home/nvidia/.vscode-server/cli/servers/Stable-5437499feb04f7a586f677b155b039bc2b3669eb/server/out/vs/workbench/api/node/extensionHostProcess.js:165:1513)
	at t (/home/nvidia/.vscode-server/cli/servers/Stable-5437499feb04f7a586f677b155b039bc2b3669eb/server/out/vs/workbench/api/node/extensionHostProcess.js:178:10459)
	at M.a (/home/nvidia/.vscode-server/cli/servers/Stable-5437499feb04f7a586f677b155b039bc2b3669eb/server/out/vs/workbench/api/node/extensionHostProcess.js:178:7151)
	at M.h (/home/nvidia/.vscode-server/cli/servers/Stable-5437499feb04f7a586f677b155b039bc2b3669eb/server/out/vs/workbench/api/node/extensionHostProcess.js:99:21182)
	at listOnTimeout (node:internal/timers:573:17)
	at process.processTimers (node:internal/timers:514:7) setContext undefined
2024-06-28 08:31:27.077 [error] Canceled: Canceled
	at new A (/home/nvidia/.vscode-server/cli/servers/Stable-5437499feb04f7a586f677b155b039bc2b3669eb/server/out/vs/workbench/api/node/extensionHostProcess.js:145:50615)
	at E.U (/home/nvidia/.vscode-server/cli/servers/Stable-5437499feb04f7a586f677b155b039bc2b3669eb/server/out/vs/workbench/api/node/extensionHostProcess.js:152:6007)
	at z.<computed>.M.charCodeAt.R.CharCode.DollarSign.z.<computed> (/home/nvidia/.vscode-server/cli/servers/Stable-5437499feb04f7a586f677b155b039bc2b3669eb/server/out/vs/workbench/api/node/extensionHostProcess.js:152:3091)
	at h.g (/home/nvidia/.vscode-server/cli/servers/Stable-5437499feb04f7a586f677b155b039bc2b3669eb/server/out/vs/workbench/api/node/extensionHostProcess.js:155:199935)
	at h.executeCommand (/home/nvidia/.vscode-server/cli/servers/Stable-5437499feb04f7a586f677b155b039bc2b3669eb/server/out/vs/workbench/api/node/extensionHostProcess.js:155:199373)
	at I.registerCommand.description (/home/nvidia/.vscode-server/cli/servers/Stable-5437499feb04f7a586f677b155b039bc2b3669eb/server/out/vs/workbench/api/node/extensionHostProcess.js:155:198697)
	at h (/home/nvidia/.vscode-server/cli/servers/Stable-5437499feb04f7a586f677b155b039bc2b3669eb/server/out/vs/workbench/api/node/extensionHostProcess.js:155:200474)
	at h.g (/home/nvidia/.vscode-server/cli/servers/Stable-5437499feb04f7a586f677b155b039bc2b3669eb/server/out/vs/workbench/api/node/extensionHostProcess.js:155:199466)
	at h.executeCommand (/home/nvidia/.vscode-server/cli/servers/Stable-5437499feb04f7a586f677b155b039bc2b3669eb/server/out/vs/workbench/api/node/extensionHostProcess.js:155:199373)
	at Object.executeCommand (/home/nvidia/.vscode-server/cli/servers/Stable-5437499feb04f7a586f677b155b039bc2b3669eb/server/out/vs/workbench/api/node/extensionHostProcess.js:165:22742)
	at n.O [as value] (/home/nvidia/.vscode-server/cli/servers/Stable-5437499feb04f7a586f677b155b039bc2b3669eb/server/extensions/git/dist/main.js:2:945191)
	at l.y (/home/nvidia/.vscode-server/cli/servers/Stable-5437499feb04f7a586f677b155b039bc2b3669eb/server/out/vs/workbench/api/node/extensionHostProcess.js:82:664)
	at l.z (/home/nvidia/.vscode-server/cli/servers/Stable-5437499feb04f7a586f677b155b039bc2b3669eb/server/out/vs/workbench/api/node/extensionHostProcess.js:82:734)
	at l.fire (/home/nvidia/.vscode-server/cli/servers/Stable-5437499feb04f7a586f677b155b039bc2b3669eb/server/out/vs/workbench/api/node/extensionHostProcess.js:82:950)
	at Object.p [as dispose] (/home/nvidia/.vscode-server/cli/servers/Stable-5437499feb04f7a586f677b155b039bc2b3669eb/server/extensions/git/dist/main.js:2:964275)
	at /home/nvidia/.vscode-server/cli/servers/Stable-5437499feb04f7a586f677b155b039bc2b3669eb/server/extensions/git/dist/main.js:2:970313
	at Array.forEach (<anonymous>)
	at f.dispose (/home/nvidia/.vscode-server/cli/servers/Stable-5437499feb04f7a586f677b155b039bc2b3669eb/server/extensions/git/dist/main.js:2:970299)
	at a.<anonymous> (/home/nvidia/.vscode-server/cli/servers/Stable-5437499feb04f7a586f677b155b039bc2b3669eb/server/out/vs/workbench/api/node/extensionHostProcess.js:153:4032)
	at a.dispose (/home/nvidia/.vscode-server/cli/servers/Stable-5437499feb04f7a586f677b155b039bc2b3669eb/server/out/vs/workbench/api/node/extensionHostProcess.js:153:4129)
	at a.<anonymous> (/home/nvidia/.vscode-server/cli/servers/Stable-5437499feb04f7a586f677b155b039bc2b3669eb/server/extensions/git/dist/main.js:2:947448)
	at a.dispose (/home/nvidia/.vscode-server/cli/servers/Stable-5437499feb04f7a586f677b155b039bc2b3669eb/server/out/vs/workbench/api/node/extensionHostProcess.js:153:4129)
	at f (/home/nvidia/.vscode-server/cli/servers/Stable-5437499feb04f7a586f677b155b039bc2b3669eb/server/out/vs/workbench/api/node/extensionHostProcess.js:30:744)
	at u.eb (/home/nvidia/.vscode-server/cli/servers/Stable-5437499feb04f7a586f677b155b039bc2b3669eb/server/out/vs/workbench/api/node/extensionHostProcess.js:161:9991)
	at /home/nvidia/.vscode-server/cli/servers/Stable-5437499feb04f7a586f677b155b039bc2b3669eb/server/out/vs/workbench/api/node/extensionHostProcess.js:161:7867
	at Array.map (<anonymous>)
	at u.$ (/home/nvidia/.vscode-server/cli/servers/Stable-5437499feb04f7a586f677b155b039bc2b3669eb/server/out/vs/workbench/api/node/extensionHostProcess.js:161:7854)
	at u.terminate (/home/nvidia/.vscode-server/cli/servers/Stable-5437499feb04f7a586f677b155b039bc2b3669eb/server/out/vs/workbench/api/node/extensionHostProcess.js:161:8127)
	at f.terminate (/home/nvidia/.vscode-server/cli/servers/Stable-5437499feb04f7a586f677b155b039bc2b3669eb/server/out/vs/workbench/api/node/extensionHostProcess.js:165:1513)
	at t (/home/nvidia/.vscode-server/cli/servers/Stable-5437499feb04f7a586f677b155b039bc2b3669eb/server/out/vs/workbench/api/node/extensionHostProcess.js:178:10459)
	at M.a (/home/nvidia/.vscode-server/cli/servers/Stable-5437499feb04f7a586f677b155b039bc2b3669eb/server/out/vs/workbench/api/node/extensionHostProcess.js:178:7151)
	at M.h (/home/nvidia/.vscode-server/cli/servers/Stable-5437499feb04f7a586f677b155b039bc2b3669eb/server/out/vs/workbench/api/node/extensionHostProcess.js:99:21182)
	at listOnTimeout (node:internal/timers:573:17)
	at process.processTimers (node:internal/timers:514:7) setContext undefined
2024-06-28 08:31:27.078 [error] Canceled: Canceled
	at new A (/home/nvidia/.vscode-server/cli/servers/Stable-5437499feb04f7a586f677b155b039bc2b3669eb/server/out/vs/workbench/api/node/extensionHostProcess.js:145:50615)
	at E.U (/home/nvidia/.vscode-server/cli/servers/Stable-5437499feb04f7a586f677b155b039bc2b3669eb/server/out/vs/workbench/api/node/extensionHostProcess.js:152:6007)
	at z.<computed>.M.charCodeAt.R.CharCode.DollarSign.z.<computed> (/home/nvidia/.vscode-server/cli/servers/Stable-5437499feb04f7a586f677b155b039bc2b3669eb/server/out/vs/workbench/api/node/extensionHostProcess.js:152:3091)
	at h.g (/home/nvidia/.vscode-server/cli/servers/Stable-5437499feb04f7a586f677b155b039bc2b3669eb/server/out/vs/workbench/api/node/extensionHostProcess.js:155:199935)
	at h.executeCommand (/home/nvidia/.vscode-server/cli/servers/Stable-5437499feb04f7a586f677b155b039bc2b3669eb/server/out/vs/workbench/api/node/extensionHostProcess.js:155:199373)
	at I.registerCommand.description (/home/nvidia/.vscode-server/cli/servers/Stable-5437499feb04f7a586f677b155b039bc2b3669eb/server/out/vs/workbench/api/node/extensionHostProcess.js:155:198697)
	at h (/home/nvidia/.vscode-server/cli/servers/Stable-5437499feb04f7a586f677b155b039bc2b3669eb/server/out/vs/workbench/api/node/extensionHostProcess.js:155:200474)
	at h.g (/home/nvidia/.vscode-server/cli/servers/Stable-5437499feb04f7a586f677b155b039bc2b3669eb/server/out/vs/workbench/api/node/extensionHostProcess.js:155:199466)
	at h.executeCommand (/home/nvidia/.vscode-server/cli/servers/Stable-5437499feb04f7a586f677b155b039bc2b3669eb/server/out/vs/workbench/api/node/extensionHostProcess.js:155:199373)
	at Object.executeCommand (/home/nvidia/.vscode-server/cli/servers/Stable-5437499feb04f7a586f677b155b039bc2b3669eb/server/out/vs/workbench/api/node/extensionHostProcess.js:165:22742)
	at n.O [as value] (/home/nvidia/.vscode-server/cli/servers/Stable-5437499feb04f7a586f677b155b039bc2b3669eb/server/extensions/git/dist/main.js:2:945191)
	at l.y (/home/nvidia/.vscode-server/cli/servers/Stable-5437499feb04f7a586f677b155b039bc2b3669eb/server/out/vs/workbench/api/node/extensionHostProcess.js:82:664)
	at l.z (/home/nvidia/.vscode-server/cli/servers/Stable-5437499feb04f7a586f677b155b039bc2b3669eb/server/out/vs/workbench/api/node/extensionHostProcess.js:82:734)
	at l.fire (/home/nvidia/.vscode-server/cli/servers/Stable-5437499feb04f7a586f677b155b039bc2b3669eb/server/out/vs/workbench/api/node/extensionHostProcess.js:82:950)
	at Object.p [as dispose] (/home/nvidia/.vscode-server/cli/servers/Stable-5437499feb04f7a586f677b155b039bc2b3669eb/server/extensions/git/dist/main.js:2:964275)
	at /home/nvidia/.vscode-server/cli/servers/Stable-5437499feb04f7a586f677b155b039bc2b3669eb/server/extensions/git/dist/main.js:2:970313
	at Array.forEach (<anonymous>)
	at f.dispose (/home/nvidia/.vscode-server/cli/servers/Stable-5437499feb04f7a586f677b155b039bc2b3669eb/server/extensions/git/dist/main.js:2:970299)
	at a.<anonymous> (/home/nvidia/.vscode-server/cli/servers/Stable-5437499feb04f7a586f677b155b039bc2b3669eb/server/out/vs/workbench/api/node/extensionHostProcess.js:153:4032)
	at a.dispose (/home/nvidia/.vscode-server/cli/servers/Stable-5437499feb04f7a586f677b155b039bc2b3669eb/server/out/vs/workbench/api/node/extensionHostProcess.js:153:4129)
	at a.<anonymous> (/home/nvidia/.vscode-server/cli/servers/Stable-5437499feb04f7a586f677b155b039bc2b3669eb/server/extensions/git/dist/main.js:2:947448)
	at a.dispose (/home/nvidia/.vscode-server/cli/servers/Stable-5437499feb04f7a586f677b155b039bc2b3669eb/server/out/vs/workbench/api/node/extensionHostProcess.js:153:4129)
	at f (/home/nvidia/.vscode-server/cli/servers/Stable-5437499feb04f7a586f677b155b039bc2b3669eb/server/out/vs/workbench/api/node/extensionHostProcess.js:30:744)
	at u.eb (/home/nvidia/.vscode-server/cli/servers/Stable-5437499feb04f7a586f677b155b039bc2b3669eb/server/out/vs/workbench/api/node/extensionHostProcess.js:161:9991)
	at /home/nvidia/.vscode-server/cli/servers/Stable-5437499feb04f7a586f677b155b039bc2b3669eb/server/out/vs/workbench/api/node/extensionHostProcess.js:161:7867
	at Array.map (<anonymous>)
	at u.$ (/home/nvidia/.vscode-server/cli/servers/Stable-5437499feb04f7a586f677b155b039bc2b3669eb/server/out/vs/workbench/api/node/extensionHostProcess.js:161:7854)
	at u.terminate (/home/nvidia/.vscode-server/cli/servers/Stable-5437499feb04f7a586f677b155b039bc2b3669eb/server/out/vs/workbench/api/node/extensionHostProcess.js:161:8127)
	at f.terminate (/home/nvidia/.vscode-server/cli/servers/Stable-5437499feb04f7a586f677b155b039bc2b3669eb/server/out/vs/workbench/api/node/extensionHostProcess.js:165:1513)
	at t (/home/nvidia/.vscode-server/cli/servers/Stable-5437499feb04f7a586f677b155b039bc2b3669eb/server/out/vs/workbench/api/node/extensionHostProcess.js:178:10459)
	at M.a (/home/nvidia/.vscode-server/cli/servers/Stable-5437499feb04f7a586f677b155b039bc2b3669eb/server/out/vs/workbench/api/node/extensionHostProcess.js:178:7151)
	at M.h (/home/nvidia/.vscode-server/cli/servers/Stable-5437499feb04f7a586f677b155b039bc2b3669eb/server/out/vs/workbench/api/node/extensionHostProcess.js:99:21182)
	at listOnTimeout (node:internal/timers:573:17)
	at process.processTimers (node:internal/timers:514:7) setContext undefined
2024-06-28 08:31:27.079 [error] Canceled: Canceled
	at new A (/home/nvidia/.vscode-server/cli/servers/Stable-5437499feb04f7a586f677b155b039bc2b3669eb/server/out/vs/workbench/api/node/extensionHostProcess.js:145:50615)
	at E.U (/home/nvidia/.vscode-server/cli/servers/Stable-5437499feb04f7a586f677b155b039bc2b3669eb/server/out/vs/workbench/api/node/extensionHostProcess.js:152:6007)
	at z.<computed>.M.charCodeAt.R.CharCode.DollarSign.z.<computed> (/home/nvidia/.vscode-server/cli/servers/Stable-5437499feb04f7a586f677b155b039bc2b3669eb/server/out/vs/workbench/api/node/extensionHostProcess.js:152:3091)
	at h.g (/home/nvidia/.vscode-server/cli/servers/Stable-5437499feb04f7a586f677b155b039bc2b3669eb/server/out/vs/workbench/api/node/extensionHostProcess.js:155:199935)
	at h.executeCommand (/home/nvidia/.vscode-server/cli/servers/Stable-5437499feb04f7a586f677b155b039bc2b3669eb/server/out/vs/workbench/api/node/extensionHostProcess.js:155:199373)
	at I.registerCommand.description (/home/nvidia/.vscode-server/cli/servers/Stable-5437499feb04f7a586f677b155b039bc2b3669eb/server/out/vs/workbench/api/node/extensionHostProcess.js:155:198697)
	at h (/home/nvidia/.vscode-server/cli/servers/Stable-5437499feb04f7a586f677b155b039bc2b3669eb/server/out/vs/workbench/api/node/extensionHostProcess.js:155:200474)
	at h.g (/home/nvidia/.vscode-server/cli/servers/Stable-5437499feb04f7a586f677b155b039bc2b3669eb/server/out/vs/workbench/api/node/extensionHostProcess.js:155:199466)
	at h.executeCommand (/home/nvidia/.vscode-server/cli/servers/Stable-5437499feb04f7a586f677b155b039bc2b3669eb/server/out/vs/workbench/api/node/extensionHostProcess.js:155:199373)
	at Object.executeCommand (/home/nvidia/.vscode-server/cli/servers/Stable-5437499feb04f7a586f677b155b039bc2b3669eb/server/out/vs/workbench/api/node/extensionHostProcess.js:165:22742)
	at n.O [as value] (/home/nvidia/.vscode-server/cli/servers/Stable-5437499feb04f7a586f677b155b039bc2b3669eb/server/extensions/git/dist/main.js:2:945191)
	at l.y (/home/nvidia/.vscode-server/cli/servers/Stable-5437499feb04f7a586f677b155b039bc2b3669eb/server/out/vs/workbench/api/node/extensionHostProcess.js:82:664)
	at l.z (/home/nvidia/.vscode-server/cli/servers/Stable-5437499feb04f7a586f677b155b039bc2b3669eb/server/out/vs/workbench/api/node/extensionHostProcess.js:82:734)
	at l.fire (/home/nvidia/.vscode-server/cli/servers/Stable-5437499feb04f7a586f677b155b039bc2b3669eb/server/out/vs/workbench/api/node/extensionHostProcess.js:82:950)
	at Object.p [as dispose] (/home/nvidia/.vscode-server/cli/servers/Stable-5437499feb04f7a586f677b155b039bc2b3669eb/server/extensions/git/dist/main.js:2:964275)
	at /home/nvidia/.vscode-server/cli/servers/Stable-5437499feb04f7a586f677b155b039bc2b3669eb/server/extensions/git/dist/main.js:2:970313
	at Array.forEach (<anonymous>)
	at f.dispose (/home/nvidia/.vscode-server/cli/servers/Stable-5437499feb04f7a586f677b155b039bc2b3669eb/server/extensions/git/dist/main.js:2:970299)
	at a.<anonymous> (/home/nvidia/.vscode-server/cli/servers/Stable-5437499feb04f7a586f677b155b039bc2b3669eb/server/out/vs/workbench/api/node/extensionHostProcess.js:153:4032)
	at a.dispose (/home/nvidia/.vscode-server/cli/servers/Stable-5437499feb04f7a586f677b155b039bc2b3669eb/server/out/vs/workbench/api/node/extensionHostProcess.js:153:4129)
	at a.<anonymous> (/home/nvidia/.vscode-server/cli/servers/Stable-5437499feb04f7a586f677b155b039bc2b3669eb/server/extensions/git/dist/main.js:2:947448)
	at a.dispose (/home/nvidia/.vscode-server/cli/servers/Stable-5437499feb04f7a586f677b155b039bc2b3669eb/server/out/vs/workbench/api/node/extensionHostProcess.js:153:4129)
	at f (/home/nvidia/.vscode-server/cli/servers/Stable-5437499feb04f7a586f677b155b039bc2b3669eb/server/out/vs/workbench/api/node/extensionHostProcess.js:30:744)
	at u.eb (/home/nvidia/.vscode-server/cli/servers/Stable-5437499feb04f7a586f677b155b039bc2b3669eb/server/out/vs/workbench/api/node/extensionHostProcess.js:161:9991)
	at /home/nvidia/.vscode-server/cli/servers/Stable-5437499feb04f7a586f677b155b039bc2b3669eb/server/out/vs/workbench/api/node/extensionHostProcess.js:161:7867
	at Array.map (<anonymous>)
	at u.$ (/home/nvidia/.vscode-server/cli/servers/Stable-5437499feb04f7a586f677b155b039bc2b3669eb/server/out/vs/workbench/api/node/extensionHostProcess.js:161:7854)
	at u.terminate (/home/nvidia/.vscode-server/cli/servers/Stable-5437499feb04f7a586f677b155b039bc2b3669eb/server/out/vs/workbench/api/node/extensionHostProcess.js:161:8127)
	at f.terminate (/home/nvidia/.vscode-server/cli/servers/Stable-5437499feb04f7a586f677b155b039bc2b3669eb/server/out/vs/workbench/api/node/extensionHostProcess.js:165:1513)
	at t (/home/nvidia/.vscode-server/cli/servers/Stable-5437499feb04f7a586f677b155b039bc2b3669eb/server/out/vs/workbench/api/node/extensionHostProcess.js:178:10459)
	at M.a (/home/nvidia/.vscode-server/cli/servers/Stable-5437499feb04f7a586f677b155b039bc2b3669eb/server/out/vs/workbench/api/node/extensionHostProcess.js:178:7151)
	at M.h (/home/nvidia/.vscode-server/cli/servers/Stable-5437499feb04f7a586f677b155b039bc2b3669eb/server/out/vs/workbench/api/node/extensionHostProcess.js:99:21182)
	at listOnTimeout (node:internal/timers:573:17)
	at process.processTimers (node:internal/timers:514:7) setContext undefined
2024-06-28 08:31:27.082 [error] Canceled: Canceled
	at new A (/home/nvidia/.vscode-server/cli/servers/Stable-5437499feb04f7a586f677b155b039bc2b3669eb/server/out/vs/workbench/api/node/extensionHostProcess.js:145:50615)
	at E.U (/home/nvidia/.vscode-server/cli/servers/Stable-5437499feb04f7a586f677b155b039bc2b3669eb/server/out/vs/workbench/api/node/extensionHostProcess.js:152:6007)
	at z.<computed>.M.charCodeAt.R.CharCode.DollarSign.z.<computed> (/home/nvidia/.vscode-server/cli/servers/Stable-5437499feb04f7a586f677b155b039bc2b3669eb/server/out/vs/workbench/api/node/extensionHostProcess.js:152:3091)
	at h.g (/home/nvidia/.vscode-server/cli/servers/Stable-5437499feb04f7a586f677b155b039bc2b3669eb/server/out/vs/workbench/api/node/extensionHostProcess.js:155:199935)
	at h.executeCommand (/home/nvidia/.vscode-server/cli/servers/Stable-5437499feb04f7a586f677b155b039bc2b3669eb/server/out/vs/workbench/api/node/extensionHostProcess.js:155:199373)
	at I.registerCommand.description (/home/nvidia/.vscode-server/cli/servers/Stable-5437499feb04f7a586f677b155b039bc2b3669eb/server/out/vs/workbench/api/node/extensionHostProcess.js:155:198697)
	at h (/home/nvidia/.vscode-server/cli/servers/Stable-5437499feb04f7a586f677b155b039bc2b3669eb/server/out/vs/workbench/api/node/extensionHostProcess.js:155:200474)
	at h.g (/home/nvidia/.vscode-server/cli/servers/Stable-5437499feb04f7a586f677b155b039bc2b3669eb/server/out/vs/workbench/api/node/extensionHostProcess.js:155:199466)
	at h.executeCommand (/home/nvidia/.vscode-server/cli/servers/Stable-5437499feb04f7a586f677b155b039bc2b3669eb/server/out/vs/workbench/api/node/extensionHostProcess.js:155:199373)
	at Object.executeCommand (/home/nvidia/.vscode-server/cli/servers/Stable-5437499feb04f7a586f677b155b039bc2b3669eb/server/out/vs/workbench/api/node/extensionHostProcess.js:165:22742)
	at set hasGitHubRepositories [as hasGitHubRepositories] (/home/nvidia/.vscode-server/cli/servers/Stable-5437499feb04f7a586f677b155b039bc2b3669eb/server/extensions/github/dist/extension.js:2:322969)
	at /home/nvidia/.vscode-server/cli/servers/Stable-5437499feb04f7a586f677b155b039bc2b3669eb/server/extensions/github/dist/extension.js:2:323928
	at n.value (/home/nvidia/.vscode-server/cli/servers/Stable-5437499feb04f7a586f677b155b039bc2b3669eb/server/extensions/git/dist/main.js:2:1050764)
	at l.y (/home/nvidia/.vscode-server/cli/servers/Stable-5437499feb04f7a586f677b155b039bc2b3669eb/server/out/vs/workbench/api/node/extensionHostProcess.js:82:664)
	at l.z (/home/nvidia/.vscode-server/cli/servers/Stable-5437499feb04f7a586f677b155b039bc2b3669eb/server/out/vs/workbench/api/node/extensionHostProcess.js:82:734)
	at l.fire (/home/nvidia/.vscode-server/cli/servers/Stable-5437499feb04f7a586f677b155b039bc2b3669eb/server/out/vs/workbench/api/node/extensionHostProcess.js:82:950)
	at Object.p [as dispose] (/home/nvidia/.vscode-server/cli/servers/Stable-5437499feb04f7a586f677b155b039bc2b3669eb/server/extensions/git/dist/main.js:2:964275)
	at /home/nvidia/.vscode-server/cli/servers/Stable-5437499feb04f7a586f677b155b039bc2b3669eb/server/extensions/git/dist/main.js:2:970313
	at Array.forEach (<anonymous>)
	at f.dispose (/home/nvidia/.vscode-server/cli/servers/Stable-5437499feb04f7a586f677b155b039bc2b3669eb/server/extensions/git/dist/main.js:2:970299)
	at a.<anonymous> (/home/nvidia/.vscode-server/cli/servers/Stable-5437499feb04f7a586f677b155b039bc2b3669eb/server/out/vs/workbench/api/node/extensionHostProcess.js:153:4032)
	at a.dispose (/home/nvidia/.vscode-server/cli/servers/Stable-5437499feb04f7a586f677b155b039bc2b3669eb/server/out/vs/workbench/api/node/extensionHostProcess.js:153:4129)
	at a.<anonymous> (/home/nvidia/.vscode-server/cli/servers/Stable-5437499feb04f7a586f677b155b039bc2b3669eb/server/extensions/git/dist/main.js:2:947448)
	at a.dispose (/home/nvidia/.vscode-server/cli/servers/Stable-5437499feb04f7a586f677b155b039bc2b3669eb/server/out/vs/workbench/api/node/extensionHostProcess.js:153:4129)
	at f (/home/nvidia/.vscode-server/cli/servers/Stable-5437499feb04f7a586f677b155b039bc2b3669eb/server/out/vs/workbench/api/node/extensionHostProcess.js:30:744)
	at u.eb (/home/nvidia/.vscode-server/cli/servers/Stable-5437499feb04f7a586f677b155b039bc2b3669eb/server/out/vs/workbench/api/node/extensionHostProcess.js:161:9991)
	at /home/nvidia/.vscode-server/cli/servers/Stable-5437499feb04f7a586f677b155b039bc2b3669eb/server/out/vs/workbench/api/node/extensionHostProcess.js:161:7867
	at Array.map (<anonymous>)
	at u.$ (/home/nvidia/.vscode-server/cli/servers/Stable-5437499feb04f7a586f677b155b039bc2b3669eb/server/out/vs/workbench/api/node/extensionHostProcess.js:161:7854)
	at u.terminate (/home/nvidia/.vscode-server/cli/servers/Stable-5437499feb04f7a586f677b155b039bc2b3669eb/server/out/vs/workbench/api/node/extensionHostProcess.js:161:8127)
	at f.terminate (/home/nvidia/.vscode-server/cli/servers/Stable-5437499feb04f7a586f677b155b039bc2b3669eb/server/out/vs/workbench/api/node/extensionHostProcess.js:165:1513)
	at t (/home/nvidia/.vscode-server/cli/servers/Stable-5437499feb04f7a586f677b155b039bc2b3669eb/server/out/vs/workbench/api/node/extensionHostProcess.js:178:10459)
	at M.a (/home/nvidia/.vscode-server/cli/servers/Stable-5437499feb04f7a586f677b155b039bc2b3669eb/server/out/vs/workbench/api/node/extensionHostProcess.js:178:7151)
	at M.h (/home/nvidia/.vscode-server/cli/servers/Stable-5437499feb04f7a586f677b155b039bc2b3669eb/server/out/vs/workbench/api/node/extensionHostProcess.js:99:21182)
	at listOnTimeout (node:internal/timers:573:17)
	at process.processTimers (node:internal/timers:514:7) setContext undefined
2024-06-28 08:31:27.083 [info] Extension host with pid 22748 exiting with code 0
