2024-06-28 08:26:31.139 [info] Log level: Info
2024-06-28 08:26:31.139 [info] Validating found git in: "git"
2024-06-28 08:26:31.139 [info] Using git "2.17.1" from "git"
2024-06-28 08:26:31.139 [info] > git rev-parse --show-toplevel [5ms]
2024-06-28 08:26:31.139 [info] fatal: not a git repository (or any of the parent directories): .git
2024-06-28 08:26:31.140 [info] > git rev-parse --show-toplevel [4ms]
2024-06-28 08:26:31.140 [info] fatal: not a git repository (or any of the parent directories): .git
2024-06-28 08:26:31.140 [info] > git rev-parse --show-toplevel [2ms]
2024-06-28 08:26:31.140 [info] fatal: not a git repository (or any of the parent directories): .git
2024-06-28 08:26:31.140 [info] > git rev-parse --show-toplevel [3ms]
2024-06-28 08:26:31.140 [info] fatal: not a git repository (or any of the parent directories): .git
2024-06-28 08:26:31.140 [info] > git rev-parse --show-toplevel [3ms]
2024-06-28 08:26:31.140 [info] fatal: not a git repository (or any of the parent directories): .git
2024-06-28 08:26:31.140 [info] > git rev-parse --show-toplevel [2ms]
2024-06-28 08:26:31.140 [info] fatal: not a git repository (or any of the parent directories): .git
2024-06-28 08:26:31.140 [info] > git rev-parse --show-toplevel [3ms]
2024-06-28 08:26:31.140 [info] fatal: not a git repository (or any of the parent directories): .git
2024-06-28 08:26:31.140 [info] > git rev-parse --show-toplevel [3ms]
2024-06-28 08:26:31.140 [info] > git rev-parse --git-dir --git-common-dir [14ms]
2024-06-28 08:26:31.140 [info] Open repository: /home/nvidia/jetson-inference
2024-06-28 08:26:31.140 [info] > git config --get commit.template [24ms]
2024-06-28 08:26:31.140 [info] > git rev-parse --show-toplevel [30ms]
2024-06-28 08:26:31.140 [info] fatal: not a git repository (or any of the parent directories): .git
2024-06-28 08:26:31.140 [info] > git for-each-ref --format=%(refname)%00%(upstream:short)%00%(objectname)%00%(upstream:track)%00%(upstream:remotename)%00%(upstream:remoteref) refs/heads/master refs/remotes/master [5ms]
2024-06-28 08:26:31.140 [warning] ENOENT: no such file or directory, open '/home/nvidia/jetson-inference/.git/refs/remotes/origin/master'
2024-06-28 08:26:31.140 [info] > git rev-parse refs/remotes/origin/master [3ms]
2024-06-28 08:26:31.217 [info] > git status -z -uall [581ms]
2024-06-28 08:26:31.260 [info] > git merge-base refs/heads/master refs/remotes/origin/master [30ms]
2024-06-28 08:26:31.272 [info] > git config --get commit.template [12ms]
2024-06-28 08:26:31.273 [info] > git rev-list --count --left-right refs/heads/master...refs/remotes/origin/master [5ms]
2024-06-28 08:26:31.291 [info] > git diff --name-status -z --diff-filter=ADMR e8361ae7f5f3651c4ff46295b193291a93d52735...refs/remotes/origin/master [9ms]
2024-06-28 08:26:31.295 [info] > git for-each-ref --format=%(refname)%00%(upstream:short)%00%(objectname)%00%(upstream:track)%00%(upstream:remotename)%00%(upstream:remoteref) refs/heads/master refs/remotes/master [6ms]
2024-06-28 08:26:31.301 [warning] ENOENT: no such file or directory, open '/home/nvidia/jetson-inference/.git/refs/remotes/origin/master'
2024-06-28 08:26:31.304 [info] > git rev-parse refs/remotes/origin/master [3ms]
2024-06-28 08:26:31.560 [info] > git check-ignore -v -z --stdin [4ms]
2024-06-28 08:26:31.755 [info] > git rev-parse --show-toplevel [4ms]
2024-06-28 08:26:31.765 [info] > git rev-parse --git-dir --git-common-dir [3ms]
2024-06-28 08:26:31.778 [info] Open repository: /home/nvidia/jetson-inference/utils
2024-06-28 08:26:31.807 [info] > git status -z -uall [497ms]
2024-06-28 08:26:31.808 [info] > git config --get commit.template [10ms]
2024-06-28 08:26:31.820 [info] > git rev-parse --show-toplevel [16ms]
2024-06-28 08:26:31.837 [info] > git for-each-ref --format %(refname) %(objectname) %(*objectname) refs/tags [10ms]
2024-06-28 08:26:31.846 [info] > git rev-parse --git-dir --git-common-dir [11ms]
2024-06-28 08:26:31.861 [info] Open repository: /home/nvidia/jetson-inference/tools/camera-capture
2024-06-28 08:26:31.907 [info] > git status -z -uall [63ms]
2024-06-28 08:26:31.908 [info] > git config --get commit.template [28ms]
2024-06-28 08:26:31.911 [info] > git rev-parse --show-toplevel [20ms]
2024-06-28 08:26:31.946 [info] > git rev-parse --git-dir --git-common-dir [12ms]
2024-06-28 08:26:31.959 [info] Open repository: /home/nvidia/jetson-inference/python/training/classification
2024-06-28 08:26:31.961 [info] > git for-each-ref --format %(refname) %(objectname) %(*objectname) refs/tags [35ms]
2024-06-28 08:26:31.984 [info] > git config --get commit.template [41ms]
2024-06-28 08:26:31.993 [info] > git status -z -uall [26ms]
2024-06-28 08:26:31.993 [info] > git config --get commit.template [17ms]
2024-06-28 08:26:32.008 [info] > git for-each-ref --format %(refname) %(objectname) %(*objectname) refs/tags [18ms]
2024-06-28 08:26:32.015 [info] > git rev-parse --show-toplevel [33ms]
2024-06-28 08:26:32.033 [info] > git config --get commit.template [27ms]
2024-06-28 08:26:32.035 [info] > git rev-parse --git-dir --git-common-dir [4ms]
2024-06-28 08:26:32.049 [info] Open repository: /home/nvidia/jetson-inference/python/training/detection
2024-06-28 08:26:32.054 [info] > git for-each-ref --format %(refname) %(objectname) %(*objectname) refs/tags [32ms]
2024-06-28 08:26:32.086 [info] > git status -z -uall [72ms]
2024-06-28 08:26:32.086 [info] > git status -z -uall [26ms]
2024-06-28 08:26:32.095 [info] > git rev-parse --show-toplevel [14ms]
2024-06-28 08:26:32.096 [info] > git config --get commit.template [21ms]
2024-06-28 08:26:32.097 [info] > git for-each-ref --format %(refname) %(objectname) %(*objectname) refs/tags [29ms]
2024-06-28 08:26:32.128 [info] > git status -z -uall [25ms]
2024-06-28 08:26:32.143 [info] > git config --get commit.template [16ms]
2024-06-28 08:26:32.144 [info] > git rev-parse --git-dir --git-common-dir [24ms]
2024-06-28 08:26:32.155 [info] Open repository: /home/nvidia/jetson-inference/python/training/segmentation
2024-06-28 08:26:32.173 [info] > git for-each-ref --format %(refname) %(objectname) %(*objectname) refs/tags [33ms]
2024-06-28 08:26:32.189 [info] > git rev-parse --show-toplevel [16ms]
2024-06-28 08:26:32.189 [info] > git config --get commit.template [24ms]
2024-06-28 08:26:32.211 [info] > git status -z -uall [31ms]
2024-06-28 08:26:32.212 [info] > git for-each-ref --format %(refname) %(objectname) %(*objectname) refs/tags [26ms]
2024-06-28 08:26:32.221 [info] > git for-each-ref --format %(refname) %(objectname) %(*objectname) refs/tags [12ms]
2024-06-28 08:26:32.237 [info] > git rev-parse --git-dir --git-common-dir [35ms]
2024-06-28 08:26:32.246 [info] Open repository: /home/nvidia/jetson-inference/c/plugins/pose
2024-06-28 08:26:32.270 [info] > git status -z -uall [51ms]
2024-06-28 08:26:32.270 [info] > git status -z -uall [43ms]
2024-06-28 08:26:32.291 [info] > git rev-parse --show-toplevel [22ms]
2024-06-28 08:26:32.291 [info] > git config --get commit.template [29ms]
2024-06-28 08:26:32.292 [info] > git config --get commit.template [36ms]
2024-06-28 08:26:32.300 [info] > git config --get commit.template [11ms]
2024-06-28 08:26:32.321 [info] > git for-each-ref --format %(refname) %(objectname) %(*objectname) refs/tags [16ms]
2024-06-28 08:26:32.328 [info] > git rev-parse --git-dir --git-common-dir [30ms]
2024-06-28 08:26:32.339 [info] Open repository: /home/nvidia/jetson-inference/docker/containers
2024-06-28 08:26:32.356 [info] > git status -z -uall [28ms]
2024-06-28 08:26:32.357 [info] > git for-each-ref --format %(refname) %(objectname) %(*objectname) refs/tags [37ms]
2024-06-28 08:26:32.364 [info] > git for-each-ref --format %(refname) %(objectname) %(*objectname) refs/tags [52ms]
2024-06-28 08:26:32.382 [info] > git status -z -uall [18ms]
2024-06-28 08:26:32.382 [info] > git status -z -uall [12ms]
2024-06-28 08:26:32.382 [info] > git check-ignore -v -z --stdin [4ms]
2024-06-28 08:26:32.393 [info] > git rev-parse --show-toplevel [39ms]
2024-06-28 08:26:32.393 [info] > git config --get commit.template [45ms]
2024-06-28 08:26:32.427 [info] > git rev-parse --git-dir --git-common-dir [15ms]
2024-06-28 08:26:32.443 [info] Open repository: /home/nvidia/jetson-inference/ros
2024-06-28 08:26:32.445 [info] > git config --get commit.template [40ms]
2024-06-28 08:26:32.454 [info] > git for-each-ref --format %(refname) %(objectname) %(*objectname) refs/tags [30ms]
2024-06-28 08:26:32.469 [info] > git config --get commit.template [17ms]
2024-06-28 08:26:32.471 [info] > git for-each-ref --format %(refname) %(objectname) %(*objectname) refs/tags [3ms]
2024-06-28 08:26:32.484 [info] > git status -z -uall [24ms]
2024-06-28 08:26:32.498 [info] > git status -z -uall [20ms]
2024-06-28 08:26:32.498 [info] > git for-each-ref --format %(refname) %(objectname) %(*objectname) refs/tags [16ms]
2024-06-28 08:26:32.509 [info] > git config --get commit.template [13ms]
2024-06-28 08:26:32.517 [info] > git status -z -uall [12ms]
2024-06-28 08:26:32.530 [info] > git for-each-ref --format %(refname) %(objectname) %(*objectname) refs/tags [14ms]
2024-06-28 08:26:32.538 [info] > git config --get commit.template [9ms]
2024-06-28 08:26:32.549 [info] > git status -z -uall [13ms]
2024-06-28 08:26:32.553 [info] > git for-each-ref --format %(refname) %(objectname) %(*objectname) refs/tags [5ms]
2024-06-28 08:26:32.565 [info] > git status -z -uall [6ms]
2024-06-28 08:26:33.028 [info] > git rev-parse --show-toplevel [39ms]
2024-06-28 08:26:33.039 [info] > git rev-parse --git-dir --git-common-dir [4ms]
2024-06-28 08:26:33.053 [info] Open repository: /home/nvidia/jetson-inference/python/training/detection/ssd
2024-06-28 08:26:33.075 [info] > git config --get commit.template [11ms]
2024-06-28 08:26:33.077 [info] > git for-each-ref --format %(refname) %(objectname) %(*objectname) refs/tags [4ms]
2024-06-28 08:26:33.093 [info] > git status -z -uall [10ms]
2024-06-28 08:26:33.117 [info] > git config --get commit.template [9ms]
2024-06-28 08:26:33.119 [info] > git for-each-ref --format %(refname) %(objectname) %(*objectname) refs/tags [4ms]
2024-06-28 08:26:33.136 [info] > git status -z -uall [9ms]
2024-06-28 08:26:33.504 [info] > git check-ignore -v -z --stdin [3ms]
2024-06-28 08:28:55.989 [info] > git check-ignore -v -z --stdin [17ms]
2024-06-28 08:28:55.990 [info] > git check-ignore -v -z --stdin [12ms]
2024-06-28 08:28:55.991 [info] > git check-ignore -v -z --stdin [6ms]
2024-06-28 08:29:58.690 [info] > git config --get commit.template [1ms]
2024-06-28 08:29:58.701 [info] > git for-each-ref --format=%(refname)%00%(upstream:short)%00%(objectname)%00%(upstream:track)%00%(upstream:remotename)%00%(upstream:remoteref) refs/heads/master refs/remotes/master [4ms]
2024-06-28 08:29:58.708 [warning] ENOENT: no such file or directory, open '/home/nvidia/jetson-inference/.git/refs/remotes/origin/master'
2024-06-28 08:29:58.711 [info] > git rev-parse refs/remotes/origin/master [2ms]
2024-06-28 08:29:59.204 [info] > git status -z -uall [486ms]
2024-06-28 08:30:05.371 [info] > git config --get commit.template [9ms]
2024-06-28 08:30:05.373 [info] > git for-each-ref --format=%(refname)%00%(upstream:short)%00%(objectname)%00%(upstream:track)%00%(upstream:remotename)%00%(upstream:remoteref) refs/heads/master refs/remotes/master [4ms]
2024-06-28 08:30:05.380 [warning] ENOENT: no such file or directory, open '/home/nvidia/jetson-inference/.git/refs/remotes/origin/master'
2024-06-28 08:30:05.383 [info] > git rev-parse refs/remotes/origin/master [3ms]
2024-06-28 08:30:05.864 [info] > git status -z -uall [474ms]
2024-06-28 08:30:21.697 [info] > git config --get commit.template [9ms]
2024-06-28 08:30:21.699 [info] > git for-each-ref --format=%(refname)%00%(upstream:short)%00%(objectname)%00%(upstream:track)%00%(upstream:remotename)%00%(upstream:remoteref) refs/heads/master refs/remotes/master [4ms]
2024-06-28 08:30:21.705 [warning] ENOENT: no such file or directory, open '/home/nvidia/jetson-inference/.git/refs/remotes/origin/master'
2024-06-28 08:30:21.708 [info] > git rev-parse refs/remotes/origin/master [3ms]
2024-06-28 08:30:22.184 [info] > git status -z -uall [469ms]
2024-06-28 08:30:27.209 [info] > git config --get commit.template [11ms]
2024-06-28 08:30:27.210 [info] > git for-each-ref --format=%(refname)%00%(upstream:short)%00%(objectname)%00%(upstream:track)%00%(upstream:remotename)%00%(upstream:remoteref) refs/heads/master refs/remotes/master [5ms]
2024-06-28 08:30:27.217 [warning] ENOENT: no such file or directory, open '/home/nvidia/jetson-inference/.git/refs/remotes/origin/master'
2024-06-28 08:30:27.220 [info] > git rev-parse refs/remotes/origin/master [3ms]
2024-06-28 08:30:27.704 [info] > git status -z -uall [477ms]
2024-06-28 08:42:02.377 [info] > git config --get commit.template [11ms]
2024-06-28 08:42:02.378 [info] > git for-each-ref --format=%(refname)%00%(upstream:short)%00%(objectname)%00%(upstream:track)%00%(upstream:remotename)%00%(upstream:remoteref) refs/heads/master refs/remotes/master [4ms]
2024-06-28 08:42:02.387 [warning] ENOENT: no such file or directory, open '/home/nvidia/jetson-inference/.git/refs/remotes/origin/master'
2024-06-28 08:42:02.390 [info] > git rev-parse refs/remotes/origin/master [2ms]
2024-06-28 08:42:02.869 [info] > git status -z -uall [471ms]
2024-06-28 08:42:24.294 [info] > git config --get commit.template [12ms]
2024-06-28 08:42:24.296 [info] > git for-each-ref --format=%(refname)%00%(upstream:short)%00%(objectname)%00%(upstream:track)%00%(upstream:remotename)%00%(upstream:remoteref) refs/heads/master refs/remotes/master [4ms]
2024-06-28 08:42:24.305 [warning] ENOENT: no such file or directory, open '/home/nvidia/jetson-inference/.git/refs/remotes/origin/master'
2024-06-28 08:42:24.308 [info] > git rev-parse refs/remotes/origin/master [3ms]
2024-06-28 08:42:24.793 [info] > git status -z -uall [475ms]
2024-06-28 08:42:35.334 [info] > git config --get commit.template [10ms]
2024-06-28 08:42:35.336 [info] > git for-each-ref --format=%(refname)%00%(upstream:short)%00%(objectname)%00%(upstream:track)%00%(upstream:remotename)%00%(upstream:remoteref) refs/heads/master refs/remotes/master [4ms]
2024-06-28 08:42:35.345 [warning] ENOENT: no such file or directory, open '/home/nvidia/jetson-inference/.git/refs/remotes/origin/master'
2024-06-28 08:42:35.348 [info] > git rev-parse refs/remotes/origin/master [2ms]
2024-06-28 08:42:35.839 [info] > git status -z -uall [482ms]
2024-06-28 08:42:40.868 [info] > git config --get commit.template [10ms]
2024-06-28 08:42:40.870 [info] > git for-each-ref --format=%(refname)%00%(upstream:short)%00%(objectname)%00%(upstream:track)%00%(upstream:remotename)%00%(upstream:remoteref) refs/heads/master refs/remotes/master [4ms]
2024-06-28 08:42:40.879 [warning] ENOENT: no such file or directory, open '/home/nvidia/jetson-inference/.git/refs/remotes/origin/master'
2024-06-28 08:42:40.881 [info] > git rev-parse refs/remotes/origin/master [3ms]
2024-06-28 08:42:41.366 [info] > git status -z -uall [476ms]
2024-06-28 08:42:54.155 [info] > git config --get commit.template [11ms]
2024-06-28 08:42:54.158 [info] > git for-each-ref --format=%(refname)%00%(upstream:short)%00%(objectname)%00%(upstream:track)%00%(upstream:remotename)%00%(upstream:remoteref) refs/heads/master refs/remotes/master [4ms]
2024-06-28 08:42:54.168 [warning] ENOENT: no such file or directory, open '/home/nvidia/jetson-inference/.git/refs/remotes/origin/master'
2024-06-28 08:42:54.171 [info] > git rev-parse refs/remotes/origin/master [2ms]
2024-06-28 08:42:54.652 [info] > git status -z -uall [472ms]
2024-06-28 08:43:00.739 [info] > git config --get commit.template [14ms]
2024-06-28 08:43:00.744 [info] > git for-each-ref --format=%(refname)%00%(upstream:short)%00%(objectname)%00%(upstream:track)%00%(upstream:remotename)%00%(upstream:remoteref) refs/heads/master refs/remotes/master [6ms]
2024-06-28 08:43:00.758 [warning] ENOENT: no such file or directory, open '/home/nvidia/jetson-inference/.git/refs/remotes/origin/master'
2024-06-28 08:43:00.759 [info] > git rev-parse refs/remotes/origin/master [1ms]
2024-06-28 08:43:01.374 [info] > git status -z -uall [597ms]
2024-06-28 08:43:06.404 [info] > git config --get commit.template [12ms]
2024-06-28 08:43:06.406 [info] > git for-each-ref --format=%(refname)%00%(upstream:short)%00%(objectname)%00%(upstream:track)%00%(upstream:remotename)%00%(upstream:remoteref) refs/heads/master refs/remotes/master [4ms]
2024-06-28 08:43:06.415 [warning] ENOENT: no such file or directory, open '/home/nvidia/jetson-inference/.git/refs/remotes/origin/master'
2024-06-28 08:43:06.418 [info] > git rev-parse refs/remotes/origin/master [3ms]
2024-06-28 08:43:06.915 [info] > git status -z -uall [487ms]
2024-06-28 08:44:56.001 [info] > git config --get commit.template [23ms]
2024-06-28 08:44:56.019 [info] > git for-each-ref --format=%(refname)%00%(upstream:short)%00%(objectname)%00%(upstream:track)%00%(upstream:remotename)%00%(upstream:remoteref) refs/heads/master refs/remotes/master [18ms]
2024-06-28 08:44:56.028 [warning] ENOENT: no such file or directory, open '/home/nvidia/jetson-inference/.git/refs/remotes/origin/master'
2024-06-28 08:44:56.031 [info] > git rev-parse refs/remotes/origin/master [3ms]
2024-06-28 08:44:57.585 [info] > git status -z -uall [1546ms]
2024-06-28 08:47:50.022 [info] > git config --get commit.template [11ms]
2024-06-28 08:47:50.025 [info] > git for-each-ref --format=%(refname)%00%(upstream:short)%00%(objectname)%00%(upstream:track)%00%(upstream:remotename)%00%(upstream:remoteref) refs/heads/master refs/remotes/master [3ms]
2024-06-28 08:47:50.034 [warning] ENOENT: no such file or directory, open '/home/nvidia/jetson-inference/.git/refs/remotes/origin/master'
2024-06-28 08:47:50.036 [info] > git rev-parse refs/remotes/origin/master [2ms]
2024-06-28 08:47:50.520 [info] > git status -z -uall [474ms]
2024-06-28 08:47:58.959 [info] > git config --get commit.template [10ms]
2024-06-28 08:47:58.961 [info] > git for-each-ref --format=%(refname)%00%(upstream:short)%00%(objectname)%00%(upstream:track)%00%(upstream:remotename)%00%(upstream:remoteref) refs/heads/master refs/remotes/master [4ms]
2024-06-28 08:47:58.970 [warning] ENOENT: no such file or directory, open '/home/nvidia/jetson-inference/.git/refs/remotes/origin/master'
2024-06-28 08:47:58.973 [info] > git rev-parse refs/remotes/origin/master [3ms]
2024-06-28 08:47:59.457 [info] > git status -z -uall [475ms]
2024-06-28 08:48:04.770 [info] > git config --get commit.template [12ms]
2024-06-28 08:48:04.771 [info] > git for-each-ref --format=%(refname)%00%(upstream:short)%00%(objectname)%00%(upstream:track)%00%(upstream:remotename)%00%(upstream:remoteref) refs/heads/master refs/remotes/master [5ms]
2024-06-28 08:48:04.780 [warning] ENOENT: no such file or directory, open '/home/nvidia/jetson-inference/.git/refs/remotes/origin/master'
2024-06-28 08:48:04.782 [info] > git rev-parse refs/remotes/origin/master [2ms]
2024-06-28 08:48:05.267 [info] > git status -z -uall [476ms]
2024-06-28 08:49:02.583 [info] > git config --get commit.template [206ms]
2024-06-28 08:49:03.297 [info] > git for-each-ref --format=%(refname)%00%(upstream:short)%00%(objectname)%00%(upstream:track)%00%(upstream:remotename)%00%(upstream:remoteref) refs/heads/master refs/remotes/master [721ms]
2024-06-28 08:49:03.307 [warning] ENOENT: no such file or directory, open '/home/nvidia/jetson-inference/.git/refs/remotes/origin/master'
2024-06-28 08:49:03.310 [info] > git rev-parse refs/remotes/origin/master [4ms]
2024-06-28 08:49:04.182 [info] > git status -z -uall [863ms]
2024-06-28 08:50:26.807 [info] > git config --get commit.template [12ms]
2024-06-28 08:50:26.808 [info] > git for-each-ref --format=%(refname)%00%(upstream:short)%00%(objectname)%00%(upstream:track)%00%(upstream:remotename)%00%(upstream:remoteref) refs/heads/master refs/remotes/master [4ms]
2024-06-28 08:50:26.816 [warning] ENOENT: no such file or directory, open '/home/nvidia/jetson-inference/.git/refs/remotes/origin/master'
2024-06-28 08:50:26.819 [info] > git rev-parse refs/remotes/origin/master [2ms]
2024-06-28 08:50:27.330 [info] > git status -z -uall [503ms]
2024-06-28 08:52:48.800 [info] > git config --get commit.template [24ms]
2024-06-28 08:52:48.816 [info] > git for-each-ref --format=%(refname)%00%(upstream:short)%00%(objectname)%00%(upstream:track)%00%(upstream:remotename)%00%(upstream:remoteref) refs/heads/master refs/remotes/master [18ms]
2024-06-28 08:52:48.823 [warning] ENOENT: no such file or directory, open '/home/nvidia/jetson-inference/.git/refs/remotes/origin/master'
2024-06-28 08:52:48.826 [info] > git rev-parse refs/remotes/origin/master [3ms]
2024-06-28 08:52:50.069 [info] > git status -z -uall [1236ms]
2024-06-28 08:54:37.446 [info] > git config --get commit.template [11ms]
2024-06-28 08:54:37.448 [info] > git for-each-ref --format=%(refname)%00%(upstream:short)%00%(objectname)%00%(upstream:track)%00%(upstream:remotename)%00%(upstream:remoteref) refs/heads/master refs/remotes/master [4ms]
2024-06-28 08:54:37.457 [warning] ENOENT: no such file or directory, open '/home/nvidia/jetson-inference/.git/refs/remotes/origin/master'
2024-06-28 08:54:37.460 [info] > git rev-parse refs/remotes/origin/master [2ms]
2024-06-28 08:54:37.944 [info] > git status -z -uall [476ms]
2024-06-28 08:55:24.103 [info] > git config --get commit.template [13ms]
2024-06-28 08:55:24.105 [info] > git for-each-ref --format=%(refname)%00%(upstream:short)%00%(objectname)%00%(upstream:track)%00%(upstream:remotename)%00%(upstream:remoteref) refs/heads/master refs/remotes/master [4ms]
2024-06-28 08:55:24.115 [warning] ENOENT: no such file or directory, open '/home/nvidia/jetson-inference/.git/refs/remotes/origin/master'
2024-06-28 08:55:24.118 [info] > git rev-parse refs/remotes/origin/master [3ms]
2024-06-28 08:55:24.619 [info] > git status -z -uall [491ms]
2024-06-28 08:56:07.094 [info] > git config --get commit.template [24ms]
2024-06-28 08:56:07.110 [info] > git for-each-ref --format=%(refname)%00%(upstream:short)%00%(objectname)%00%(upstream:track)%00%(upstream:remotename)%00%(upstream:remoteref) refs/heads/master refs/remotes/master [18ms]
2024-06-28 08:56:07.120 [warning] ENOENT: no such file or directory, open '/home/nvidia/jetson-inference/.git/refs/remotes/origin/master'
2024-06-28 08:56:07.124 [info] > git rev-parse refs/remotes/origin/master [4ms]
2024-06-28 08:56:07.795 [info] > git status -z -uall [661ms]
2024-06-28 08:56:54.845 [info] > git config --get commit.template [11ms]
2024-06-28 08:56:54.848 [info] > git for-each-ref --format=%(refname)%00%(upstream:short)%00%(objectname)%00%(upstream:track)%00%(upstream:remotename)%00%(upstream:remoteref) refs/heads/master refs/remotes/master [3ms]
2024-06-28 08:56:54.857 [warning] ENOENT: no such file or directory, open '/home/nvidia/jetson-inference/.git/refs/remotes/origin/master'
2024-06-28 08:56:54.859 [info] > git rev-parse refs/remotes/origin/master [2ms]
2024-06-28 08:56:55.361 [info] > git status -z -uall [493ms]
2024-06-28 08:57:00.382 [info] > git config --get commit.template [3ms]
2024-06-28 08:57:00.395 [info] > git for-each-ref --format=%(refname)%00%(upstream:short)%00%(objectname)%00%(upstream:track)%00%(upstream:remotename)%00%(upstream:remoteref) refs/heads/master refs/remotes/master [4ms]
2024-06-28 08:57:00.404 [warning] ENOENT: no such file or directory, open '/home/nvidia/jetson-inference/.git/refs/remotes/origin/master'
2024-06-28 08:57:00.407 [info] > git rev-parse refs/remotes/origin/master [2ms]
2024-06-28 08:57:00.900 [info] > git status -z -uall [484ms]
2024-06-28 08:57:54.059 [info] > git config --get commit.template [13ms]
2024-06-28 08:57:54.062 [info] > git for-each-ref --format=%(refname)%00%(upstream:short)%00%(objectname)%00%(upstream:track)%00%(upstream:remotename)%00%(upstream:remoteref) refs/heads/master refs/remotes/master [4ms]
2024-06-28 08:57:54.073 [warning] ENOENT: no such file or directory, open '/home/nvidia/jetson-inference/.git/refs/remotes/origin/master'
2024-06-28 08:57:54.076 [info] > git rev-parse refs/remotes/origin/master [3ms]
2024-06-28 08:57:54.589 [info] > git status -z -uall [502ms]
2024-06-28 08:57:59.645 [info] > git config --get commit.template [23ms]
2024-06-28 08:57:59.662 [info] > git for-each-ref --format=%(refname)%00%(upstream:short)%00%(objectname)%00%(upstream:track)%00%(upstream:remotename)%00%(upstream:remoteref) refs/heads/master refs/remotes/master [18ms]
2024-06-28 08:57:59.672 [warning] ENOENT: no such file or directory, open '/home/nvidia/jetson-inference/.git/refs/remotes/origin/master'
2024-06-28 08:57:59.676 [info] > git rev-parse refs/remotes/origin/master [3ms]
2024-06-28 08:58:00.208 [info] > git status -z -uall [520ms]
2024-06-28 09:00:35.641 [info] > git config --get commit.template [24ms]
2024-06-28 09:00:35.657 [info] > git for-each-ref --format=%(refname)%00%(upstream:short)%00%(objectname)%00%(upstream:track)%00%(upstream:remotename)%00%(upstream:remoteref) refs/heads/master refs/remotes/master [18ms]
2024-06-28 09:00:35.667 [warning] ENOENT: no such file or directory, open '/home/nvidia/jetson-inference/.git/refs/remotes/origin/master'
2024-06-28 09:00:35.670 [info] > git rev-parse refs/remotes/origin/master [3ms]
2024-06-28 09:00:36.411 [info] > git status -z -uall [732ms]
